[2019-10-15 15:47:29]2019-10-15 15:47:28------------------- start ------------------- 
[2019-10-15 15:47:31][Exception][Create_Table][ERR = no such column: ITEM_SPEC]
[2019-10-15 15:47:35][Exception][Select_MenuLink][ERR = Cannot operate on a closed database.]
[2019-10-15 15:47:36][Exception][GetURL][ERR = Couldn't find a tree builder with the features you requested: lxml. Do you need to install a parser library?][URL = http://www.myoung119.com]
[2019-10-15 15:47:36][Exception][GetRootLink][ERR = 'str' object has no attribute 'find_all']
[2019-10-15 15:47:36][FAIL] GetRootLink
[2019-10-15 15:47:41][FAIL] Get_MenuLink is NULL
[2019-10-15 15:47:43][FAIL] 작업 실패 [site = 명인코리아]
[2019-10-15 15:47:46]2019-10-15 15:47:46------------------- end  -------------------
[2019-10-15 15:49:58]2019-10-15 15:49:57------------------- start ------------------- 
[2019-10-15 15:50:03][Exception][GetURL][ERR = Couldn't find a tree builder with the features you requested: lxml. Do you need to install a parser library?][URL = http://www.myoung119.com]
[2019-10-15 15:50:03][Exception][GetRootLink][ERR = 'str' object has no attribute 'find_all']
[2019-10-15 15:50:03][FAIL] GetRootLink
[2019-10-15 15:50:07][FAIL] Get_MenuLink is NULL
[2019-10-15 15:50:07][FAIL] 작업 실패 [site = 명인코리아]
[2019-10-15 15:50:07]2019-10-15 15:50:07------------------- end  -------------------
[2019-10-15 15:50:31]2019-10-15 15:50:31------------------- start ------------------- 
[2019-10-15 15:50:32][Exception][GetURL][ERR = Couldn't find a tree builder with the features you requested: lxml. Do you need to install a parser library?][URL = http://www.myoung119.com]
[2019-10-15 15:50:32][Exception][GetRootLink][ERR = 'str' object has no attribute 'find_all']
[2019-10-15 15:50:32][FAIL] GetRootLink
[2019-10-15 15:50:54]2019-10-15 15:50:54------------------- start ------------------- 
[2019-10-15 15:50:59][Exception][GetURL][ERR = Couldn't find a tree builder with the features you requested: lxml. Do you need to install a parser library?][URL = http://www.myoung119.com]
[2019-10-15 15:51:08][Exception][GetRootLink][ERR = 'str' object has no attribute 'find_all']
[2019-10-15 15:52:01][FAIL] GetRootLink
[2019-10-15 15:52:03][FAIL] Get_MenuLink is NULL
[2019-10-15 15:52:03][FAIL] 작업 실패 [site = 명인코리아]
[2019-10-15 15:52:03]2019-10-15 15:52:03------------------- end  -------------------
[2019-10-15 15:52:13]2019-10-15 15:52:13------------------- start ------------------- 
[2019-10-15 15:52:19][Exception][GetURL][ERR = Couldn't find a tree builder with the features you requested: lxml. Do you need to install a parser library?][URL = http://www.myoung119.com]
[2019-10-15 15:52:37][Exception][GetRootLink][ERR = 'str' object has no attribute 'find_all']
[2019-10-15 15:53:31]2019-10-15 15:53:31------------------- start ------------------- 
[2019-10-15 15:54:03][Exception][GetURL][ERR = Couldn't find a tree builder with the features you requested: lxml. Do you need to install a parser library?][URL = http://www.myoung119.com]
