[2019-10-15 19:32:43]2019-10-15 19:32:43------------------- start ------------------- 
[2019-10-15 19:32:43][SUCC][Select_ItemLink][COUNT = 26681]
[2019-10-15 19:32:43][SUCC][Select_ItemPrice_URL][COUNT = 9][SITE = 명인코리아]
[2019-10-15 19:38:31]2019-10-15 19:38:31------------------- start ------------------- 
[2019-10-15 19:38:31][SUCC][Select_ItemLink][COUNT = 26681]
[2019-10-15 19:38:31][SUCC][Select_ItemPrice_URL][COUNT = 9][SITE = 명인코리아]
[2019-10-15 19:41:52]2019-10-15 19:41:52------------------- start ------------------- 
[2019-10-15 19:41:53][SUCC][Select_ItemLink][COUNT = 26681]
[2019-10-15 19:41:53][SUCC][Select_ItemPrice_URL][COUNT = 9][SITE = 명인코리아]
[2019-10-15 19:44:14]2019-10-15 19:44:14------------------- start ------------------- 
[2019-10-15 19:44:15][SUCC][Select_ItemLink][COUNT = 26681]
[2019-10-15 19:44:15][SUCC][Select_ItemPrice_URL][COUNT = 9][SITE = 명인코리아]
[2019-10-15 19:44:54]2019-10-15 19:44:54------------------- start ------------------- 
[2019-10-15 19:44:54][SUCC][Select_ItemLink][COUNT = 26681]
[2019-10-15 19:44:54][SUCC][Select_ItemPrice_URL][COUNT = 9][SITE = 명인코리아]
[2019-10-15 19:46:05]2019-10-15 19:46:05------------------- start ------------------- 
[2019-10-15 19:46:06][SUCC][Select_ItemLink][COUNT = 26681]
[2019-10-15 19:46:06][SUCC][Select_ItemPrice_URL][COUNT = 9][SITE = 명인코리아]
[2019-10-15 19:47:38]2019-10-15 19:47:38------------------- start ------------------- 
[2019-10-15 19:47:38][SUCC][Select_ItemLink][COUNT = 26681]
[2019-10-15 19:47:38][SUCC][Select_ItemPrice_URL][COUNT = 9][SITE = 명인코리아]
[2019-10-15 19:49:14]2019-10-15 19:49:14------------------- start ------------------- 
[2019-10-15 19:49:14][SUCC][Select_ItemLink][COUNT = 26681]
[2019-10-15 19:49:14][SUCC][Select_ItemPrice_URL][COUNT = 9][SITE = 명인코리아]
[2019-10-15 19:49:16][Exception][Get_ItemPrice][ERR = ResultSet object has no attribute 'find_all'. You're probably treating a list of items like a single item. Did you call find_all() when you meant to call find()?][URL = http://www.myoung119.com/shop/goods/./goods_view.php?goodsno=100291&category=001078]
[2019-10-15 19:49:17][Exception][Get_ItemPrice][ERR = ResultSet object has no attribute 'find_all'. You're probably treating a list of items like a single item. Did you call find_all() when you meant to call find()?][URL = http://www.myoung119.com/shop/goods/./goods_view.php?goodsno=100293&category=001078]
[2019-10-15 19:49:18][Exception][Get_ItemPrice][ERR = ResultSet object has no attribute 'find_all'. You're probably treating a list of items like a single item. Did you call find_all() when you meant to call find()?][URL = http://www.myoung119.com/shop/goods/./goods_view.php?goodsno=100294&category=001078]
[2019-10-15 19:49:18][Exception][Get_ItemPrice][ERR = ResultSet object has no attribute 'find_all'. You're probably treating a list of items like a single item. Did you call find_all() when you meant to call find()?][URL = http://www.myoung119.com/shop/goods/./goods_view.php?goodsno=100295&category=001078]
[2019-10-15 19:49:19][Exception][Get_ItemPrice][ERR = ResultSet object has no attribute 'find_all'. You're probably treating a list of items like a single item. Did you call find_all() when you meant to call find()?][URL = http://www.myoung119.com/shop/goods/./goods_view.php?goodsno=100296&category=001078]
[2019-10-15 19:49:20][Exception][Get_ItemPrice][ERR = ResultSet object has no attribute 'find_all'. You're probably treating a list of items like a single item. Did you call find_all() when you meant to call find()?][URL = http://www.myoung119.com/shop/goods/./goods_view.php?goodsno=100297&category=001078]
[2019-10-15 19:49:21][Exception][Get_ItemPrice][ERR = ResultSet object has no attribute 'find_all'. You're probably treating a list of items like a single item. Did you call find_all() when you meant to call find()?][URL = http://www.myoung119.com/shop/goods/./goods_view.php?goodsno=100298&category=001078]
[2019-10-15 19:49:21][Exception][Get_ItemPrice][ERR = ResultSet object has no attribute 'find_all'. You're probably treating a list of items like a single item. Did you call find_all() when you meant to call find()?][URL = http://www.myoung119.com/shop/goods/./goods_view.php?goodsno=100299&category=001078]
[2019-10-15 19:49:22][Exception][Get_ItemPrice][ERR = ResultSet object has no attribute 'find_all'. You're probably treating a list of items like a single item. Did you call find_all() when you meant to call find()?][URL = http://www.myoung119.com/shop/goods/./goods_view.php?goodsno=100300&category=001078]
[2019-10-15 19:49:22][FAIL] 작업 실패 [site = 명인코리아]
[2019-10-15 19:49:22]2019-10-15 19:49:22------------------- end  -------------------
[2019-10-15 19:49:53]2019-10-15 19:49:53------------------- start ------------------- 
[2019-10-15 19:49:53][SUCC][Select_ItemLink][COUNT = 26681]
[2019-10-15 19:49:53][SUCC][Select_ItemPrice_URL][COUNT = 9][SITE = 명인코리아]
[2019-10-15 19:50:03][Exception][Get_ItemPrice][ERR = ResultSet object has no attribute 'find_all'. You're probably treating a list of items like a single item. Did you call find_all() when you meant to call find()?][URL = http://www.myoung119.com/shop/goods/./goods_view.php?goodsno=100291&category=001078]
[2019-10-15 19:50:40]2019-10-15 19:50:40------------------- start ------------------- 
[2019-10-15 19:50:40][SUCC][Select_ItemLink][COUNT = 26681]
[2019-10-15 19:50:40][SUCC][Select_ItemPrice_URL][COUNT = 9][SITE = 명인코리아]
[2019-10-15 19:50:45][Exception][Get_ItemPrice][ERR = ResultSet object has no attribute 'find_all'. You're probably treating a list of items like a single item. Did you call find_all() when you meant to call find()?][URL = http://www.myoung119.com/shop/goods/./goods_view.php?goodsno=100291&category=001078]
[2019-10-15 19:51:12]2019-10-15 19:51:12------------------- start ------------------- 
[2019-10-15 19:51:12][SUCC][Select_ItemLink][COUNT = 26681]
[2019-10-15 19:51:12][SUCC][Select_ItemPrice_URL][COUNT = 9][SITE = 명인코리아]
[2019-10-15 19:51:14][Exception][Get_ItemPrice][ERR = ResultSet object has no attribute 'find_all'. You're probably treating a list of items like a single item. Did you call find_all() when you meant to call find()?][URL = http://www.myoung119.com/shop/goods/./goods_view.php?goodsno=100291&category=001078]
[2019-10-15 19:51:14][Exception][Get_ItemPrice][ERR = ResultSet object has no attribute 'find_all'. You're probably treating a list of items like a single item. Did you call find_all() when you meant to call find()?][URL = http://www.myoung119.com/shop/goods/./goods_view.php?goodsno=100293&category=001078]
[2019-10-15 19:51:15][Exception][Get_ItemPrice][ERR = ResultSet object has no attribute 'find_all'. You're probably treating a list of items like a single item. Did you call find_all() when you meant to call find()?][URL = http://www.myoung119.com/shop/goods/./goods_view.php?goodsno=100294&category=001078]
[2019-10-15 19:51:16][Exception][Get_ItemPrice][ERR = ResultSet object has no attribute 'find_all'. You're probably treating a list of items like a single item. Did you call find_all() when you meant to call find()?][URL = http://www.myoung119.com/shop/goods/./goods_view.php?goodsno=100295&category=001078]
[2019-10-15 19:51:17][Exception][Get_ItemPrice][ERR = ResultSet object has no attribute 'find_all'. You're probably treating a list of items like a single item. Did you call find_all() when you meant to call find()?][URL = http://www.myoung119.com/shop/goods/./goods_view.php?goodsno=100296&category=001078]
[2019-10-15 19:51:18][Exception][Get_ItemPrice][ERR = ResultSet object has no attribute 'find_all'. You're probably treating a list of items like a single item. Did you call find_all() when you meant to call find()?][URL = http://www.myoung119.com/shop/goods/./goods_view.php?goodsno=100297&category=001078]
[2019-10-15 19:51:19][Exception][Get_ItemPrice][ERR = ResultSet object has no attribute 'find_all'. You're probably treating a list of items like a single item. Did you call find_all() when you meant to call find()?][URL = http://www.myoung119.com/shop/goods/./goods_view.php?goodsno=100298&category=001078]
[2019-10-15 19:51:19][Exception][Get_ItemPrice][ERR = ResultSet object has no attribute 'find_all'. You're probably treating a list of items like a single item. Did you call find_all() when you meant to call find()?][URL = http://www.myoung119.com/shop/goods/./goods_view.php?goodsno=100299&category=001078]
[2019-10-15 19:51:20][Exception][Get_ItemPrice][ERR = ResultSet object has no attribute 'find_all'. You're probably treating a list of items like a single item. Did you call find_all() when you meant to call find()?][URL = http://www.myoung119.com/shop/goods/./goods_view.php?goodsno=100300&category=001078]
[2019-10-15 19:51:20][FAIL] 작업 실패 [site = 명인코리아]
[2019-10-15 19:51:20]2019-10-15 19:51:20------------------- end  -------------------
[2019-10-15 19:51:55]2019-10-15 19:51:55------------------- start ------------------- 
[2019-10-15 19:51:56][SUCC][Select_ItemLink][COUNT = 26681]
[2019-10-15 19:51:56][SUCC][Select_ItemPrice_URL][COUNT = 9][SITE = 명인코리아]
[2019-10-15 19:53:05]2019-10-15 19:53:05------------------- start ------------------- 
[2019-10-15 19:53:05][SUCC][Select_ItemLink][COUNT = 26681]
[2019-10-15 19:53:05][SUCC][Select_ItemPrice_URL][COUNT = 9][SITE = 명인코리아]
[2019-10-15 19:54:31]2019-10-15 19:54:31------------------- start ------------------- 
[2019-10-15 19:54:32][SUCC][Select_ItemLink][COUNT = 26681]
[2019-10-15 19:54:32][SUCC][Select_ItemPrice_URL][COUNT = 9][SITE = 명인코리아]
[2019-10-15 19:54:32][Exception][Get_ItemPrice][ERR = 'NoneType' object is not callable][URL = http://www.myoung119.com/shop/goods/./goods_view.php?goodsno=100291&category=001078]
[2019-10-15 19:54:33][Exception][Get_ItemPrice][ERR = 'NoneType' object is not callable][URL = http://www.myoung119.com/shop/goods/./goods_view.php?goodsno=100293&category=001078]
[2019-10-15 19:54:34][Exception][Get_ItemPrice][ERR = 'NoneType' object is not callable][URL = http://www.myoung119.com/shop/goods/./goods_view.php?goodsno=100294&category=001078]
[2019-10-15 19:54:35][Exception][Get_ItemPrice][ERR = 'NoneType' object is not callable][URL = http://www.myoung119.com/shop/goods/./goods_view.php?goodsno=100295&category=001078]
[2019-10-15 19:54:35][Exception][Get_ItemPrice][ERR = 'NoneType' object is not callable][URL = http://www.myoung119.com/shop/goods/./goods_view.php?goodsno=100296&category=001078]
[2019-10-15 19:54:36][Exception][Get_ItemPrice][ERR = 'NoneType' object is not callable][URL = http://www.myoung119.com/shop/goods/./goods_view.php?goodsno=100297&category=001078]
[2019-10-15 19:54:37][Exception][Get_ItemPrice][ERR = 'NoneType' object is not callable][URL = http://www.myoung119.com/shop/goods/./goods_view.php?goodsno=100298&category=001078]
[2019-10-15 19:54:38][Exception][Get_ItemPrice][ERR = 'NoneType' object is not callable][URL = http://www.myoung119.com/shop/goods/./goods_view.php?goodsno=100299&category=001078]
[2019-10-15 19:54:38][Exception][Get_ItemPrice][ERR = 'NoneType' object is not callable][URL = http://www.myoung119.com/shop/goods/./goods_view.php?goodsno=100300&category=001078]
[2019-10-15 19:54:38][FAIL] 작업 실패 [site = 명인코리아]
[2019-10-15 19:54:38]2019-10-15 19:54:38------------------- end  -------------------
[2019-10-15 19:54:58]2019-10-15 19:54:58------------------- start ------------------- 
[2019-10-15 19:54:58][SUCC][Select_ItemLink][COUNT = 26681]
[2019-10-15 19:54:58][SUCC][Select_ItemPrice_URL][COUNT = 9][SITE = 명인코리아]
[2019-10-15 19:54:59][Exception][Get_ItemPrice][ERR = Invalid character '/' position 0
  line 1:
//*[@id="goods_spec"]/form/div[1]/b
^][URL = http://www.myoung119.com/shop/goods/./goods_view.php?goodsno=100291&category=001078]
[2019-10-15 19:54:59][Exception][Get_ItemPrice][ERR = Invalid character '/' position 0
  line 1:
//*[@id="goods_spec"]/form/div[1]/b
^][URL = http://www.myoung119.com/shop/goods/./goods_view.php?goodsno=100293&category=001078]
[2019-10-15 19:55:00][Exception][Get_ItemPrice][ERR = Invalid character '/' position 0
  line 1:
//*[@id="goods_spec"]/form/div[1]/b
^][URL = http://www.myoung119.com/shop/goods/./goods_view.php?goodsno=100294&category=001078]
[2019-10-15 19:55:01][Exception][Get_ItemPrice][ERR = Invalid character '/' position 0
  line 1:
//*[@id="goods_spec"]/form/div[1]/b
^][URL = http://www.myoung119.com/shop/goods/./goods_view.php?goodsno=100295&category=001078]
[2019-10-15 19:55:02][Exception][Get_ItemPrice][ERR = Invalid character '/' position 0
  line 1:
//*[@id="goods_spec"]/form/div[1]/b
^][URL = http://www.myoung119.com/shop/goods/./goods_view.php?goodsno=100296&category=001078]
[2019-10-15 19:55:02][Exception][Get_ItemPrice][ERR = Invalid character '/' position 0
  line 1:
//*[@id="goods_spec"]/form/div[1]/b
^][URL = http://www.myoung119.com/shop/goods/./goods_view.php?goodsno=100297&category=001078]
[2019-10-15 19:55:03][Exception][Get_ItemPrice][ERR = Invalid character '/' position 0
  line 1:
//*[@id="goods_spec"]/form/div[1]/b
^][URL = http://www.myoung119.com/shop/goods/./goods_view.php?goodsno=100298&category=001078]
[2019-10-15 19:55:04][Exception][Get_ItemPrice][ERR = Invalid character '/' position 0
  line 1:
//*[@id="goods_spec"]/form/div[1]/b
^][URL = http://www.myoung119.com/shop/goods/./goods_view.php?goodsno=100299&category=001078]
[2019-10-15 19:55:05][Exception][Get_ItemPrice][ERR = Invalid character '/' position 0
  line 1:
//*[@id="goods_spec"]/form/div[1]/b
^][URL = http://www.myoung119.com/shop/goods/./goods_view.php?goodsno=100300&category=001078]
[2019-10-15 19:55:05][FAIL] 작업 실패 [site = 명인코리아]
[2019-10-15 19:55:05]2019-10-15 19:55:05------------------- end  -------------------
[2019-10-15 19:57:34]2019-10-15 19:57:34------------------- start ------------------- 
[2019-10-15 19:57:34][SUCC][Select_ItemLink][COUNT = 26681]
[2019-10-15 19:57:34][SUCC][Select_ItemPrice_URL][COUNT = 9][SITE = 명인코리아]
[2019-10-15 19:58:14]2019-10-15 19:58:14------------------- start ------------------- 
[2019-10-15 19:58:15][SUCC][Select_ItemLink][COUNT = 26681]
[2019-10-15 19:58:15][SUCC][Select_ItemPrice_URL][COUNT = 9][SITE = 명인코리아]
[2019-10-15 19:58:16][Exception][Get_ItemPrice][ERR = 'list' object has no attribute 'text'][URL = http://www.myoung119.com/shop/goods/./goods_view.php?goodsno=100291&category=001078]
[2019-10-15 19:58:17][Exception][Get_ItemPrice][ERR = 'list' object has no attribute 'text'][URL = http://www.myoung119.com/shop/goods/./goods_view.php?goodsno=100293&category=001078]
[2019-10-15 19:58:18][Exception][Get_ItemPrice][ERR = 'list' object has no attribute 'text'][URL = http://www.myoung119.com/shop/goods/./goods_view.php?goodsno=100294&category=001078]
[2019-10-15 19:58:19][Exception][Get_ItemPrice][ERR = 'list' object has no attribute 'text'][URL = http://www.myoung119.com/shop/goods/./goods_view.php?goodsno=100295&category=001078]
[2019-10-15 19:58:20][Exception][Get_ItemPrice][ERR = 'list' object has no attribute 'text'][URL = http://www.myoung119.com/shop/goods/./goods_view.php?goodsno=100296&category=001078]
[2019-10-15 19:58:21][Exception][Get_ItemPrice][ERR = 'list' object has no attribute 'text'][URL = http://www.myoung119.com/shop/goods/./goods_view.php?goodsno=100297&category=001078]
[2019-10-15 19:58:22][Exception][Get_ItemPrice][ERR = 'list' object has no attribute 'text'][URL = http://www.myoung119.com/shop/goods/./goods_view.php?goodsno=100298&category=001078]
[2019-10-15 19:58:24][Exception][Get_ItemPrice][ERR = 'list' object has no attribute 'text'][URL = http://www.myoung119.com/shop/goods/./goods_view.php?goodsno=100299&category=001078]
[2019-10-15 19:58:26][Exception][Get_ItemPrice][ERR = 'list' object has no attribute 'text'][URL = http://www.myoung119.com/shop/goods/./goods_view.php?goodsno=100300&category=001078]
[2019-10-15 19:58:26][FAIL] 작업 실패 [site = 명인코리아]
[2019-10-15 19:58:26]2019-10-15 19:58:26------------------- end  -------------------
[2019-10-15 19:59:02]2019-10-15 19:59:02------------------- start ------------------- 
[2019-10-15 19:59:02][SUCC][Select_ItemLink][COUNT = 26681]
[2019-10-15 19:59:02][SUCC][Select_ItemPrice_URL][COUNT = 9][SITE = 명인코리아]
[2019-10-15 19:59:04][Exception][Get_ItemPrice][ERR = 'list' object has no attribute 'context'][URL = http://www.myoung119.com/shop/goods/./goods_view.php?goodsno=100291&category=001078]
[2019-10-15 19:59:04][Exception][Get_ItemPrice][ERR = 'list' object has no attribute 'context'][URL = http://www.myoung119.com/shop/goods/./goods_view.php?goodsno=100293&category=001078]
[2019-10-15 19:59:05][Exception][Get_ItemPrice][ERR = 'list' object has no attribute 'context'][URL = http://www.myoung119.com/shop/goods/./goods_view.php?goodsno=100294&category=001078]
[2019-10-15 19:59:06][Exception][Get_ItemPrice][ERR = 'list' object has no attribute 'context'][URL = http://www.myoung119.com/shop/goods/./goods_view.php?goodsno=100295&category=001078]
[2019-10-15 19:59:07][Exception][Get_ItemPrice][ERR = 'list' object has no attribute 'context'][URL = http://www.myoung119.com/shop/goods/./goods_view.php?goodsno=100296&category=001078]
[2019-10-15 19:59:08][Exception][Get_ItemPrice][ERR = 'list' object has no attribute 'context'][URL = http://www.myoung119.com/shop/goods/./goods_view.php?goodsno=100297&category=001078]
[2019-10-15 19:59:09][Exception][Get_ItemPrice][ERR = 'list' object has no attribute 'context'][URL = http://www.myoung119.com/shop/goods/./goods_view.php?goodsno=100298&category=001078]
[2019-10-15 19:59:10][Exception][Get_ItemPrice][ERR = 'list' object has no attribute 'context'][URL = http://www.myoung119.com/shop/goods/./goods_view.php?goodsno=100299&category=001078]
[2019-10-15 19:59:11][Exception][Get_ItemPrice][ERR = 'list' object has no attribute 'context'][URL = http://www.myoung119.com/shop/goods/./goods_view.php?goodsno=100300&category=001078]
[2019-10-15 19:59:11][FAIL] 작업 실패 [site = 명인코리아]
[2019-10-15 19:59:11]2019-10-15 19:59:11------------------- end  -------------------
[2019-10-15 19:59:40]2019-10-15 19:59:40------------------- start ------------------- 
[2019-10-15 19:59:41][SUCC][Select_ItemLink][COUNT = 26681]
[2019-10-15 19:59:41][SUCC][Select_ItemPrice_URL][COUNT = 9][SITE = 명인코리아]
[2019-10-15 19:59:42][Exception][Get_ItemPrice][ERR = 'list' object has no attribute 'get_text'][URL = http://www.myoung119.com/shop/goods/./goods_view.php?goodsno=100291&category=001078]
[2019-10-15 19:59:42][Exception][Get_ItemPrice][ERR = 'list' object has no attribute 'get_text'][URL = http://www.myoung119.com/shop/goods/./goods_view.php?goodsno=100293&category=001078]
[2019-10-15 19:59:43][Exception][Get_ItemPrice][ERR = 'list' object has no attribute 'get_text'][URL = http://www.myoung119.com/shop/goods/./goods_view.php?goodsno=100294&category=001078]
[2019-10-15 19:59:44][Exception][Get_ItemPrice][ERR = 'list' object has no attribute 'get_text'][URL = http://www.myoung119.com/shop/goods/./goods_view.php?goodsno=100295&category=001078]
[2019-10-15 19:59:45][Exception][Get_ItemPrice][ERR = 'list' object has no attribute 'get_text'][URL = http://www.myoung119.com/shop/goods/./goods_view.php?goodsno=100296&category=001078]
[2019-10-15 19:59:47][Exception][Get_ItemPrice][ERR = 'list' object has no attribute 'get_text'][URL = http://www.myoung119.com/shop/goods/./goods_view.php?goodsno=100297&category=001078]
[2019-10-15 19:59:48][Exception][Get_ItemPrice][ERR = 'list' object has no attribute 'get_text'][URL = http://www.myoung119.com/shop/goods/./goods_view.php?goodsno=100298&category=001078]
[2019-10-15 19:59:49][Exception][Get_ItemPrice][ERR = 'list' object has no attribute 'get_text'][URL = http://www.myoung119.com/shop/goods/./goods_view.php?goodsno=100299&category=001078]
[2019-10-15 19:59:50][Exception][Get_ItemPrice][ERR = 'list' object has no attribute 'get_text'][URL = http://www.myoung119.com/shop/goods/./goods_view.php?goodsno=100300&category=001078]
[2019-10-15 19:59:50][FAIL] 작업 실패 [site = 명인코리아]
[2019-10-15 19:59:50]2019-10-15 19:59:50------------------- end  -------------------
