[2019-10-15 22:03:43]2019-10-15 22:03:43------------------- start ------------------- 
[2019-10-15 22:03:44][SUCC][Select_ItemLink][COUNT = 26681]
[2019-10-15 22:03:44][SUCC][Select_ItemPrice_URL][COUNT = 9][SITE = 疙牢内府酒]
[2019-10-15 22:07:47]2019-10-15 22:07:47------------------- start ------------------- 
[2019-10-15 22:07:47][SUCC][Select_ItemLink][COUNT = 26681]
[2019-10-15 22:07:47][SUCC][Select_ItemPrice_URL][COUNT = 9][SITE = 疙牢内府酒]
[2019-10-15 22:15:58]2019-10-15 22:15:58------------------- start ------------------- 
[2019-10-15 22:15:59][SUCC][Select_ItemLink][COUNT = 26681]
[2019-10-15 22:15:59][SUCC][Select_ItemPrice_URL][COUNT = 9][SITE = 疙牢内府酒]
[2019-10-15 22:25:58]2019-10-15 22:25:58------------------- start ------------------- 
[2019-10-15 22:25:58][SUCC][Select_ItemLink][COUNT = 26681]
[2019-10-15 22:25:58][SUCC][Select_ItemPrice_URL][COUNT = 9][SITE = 疙牢内府酒]
[2019-10-15 22:26:36]2019-10-15 22:26:36------------------- start ------------------- 
[2019-10-15 22:26:36][SUCC][Select_ItemLink][COUNT = 26681]
[2019-10-15 22:26:36][SUCC][Select_ItemPrice_URL][COUNT = 9][SITE = 疙牢内府酒]
[2019-10-15 22:27:19]2019-10-15 22:27:19------------------- start ------------------- 
[2019-10-15 22:27:19][SUCC][Select_ItemLink][COUNT = 26681]
[2019-10-15 22:27:19][SUCC][Select_ItemPrice_URL][COUNT = 9][SITE = 疙牢内府酒]
[2019-10-15 22:28:19]2019-10-15 22:28:19------------------- start ------------------- 
[2019-10-15 22:28:20][SUCC][Select_ItemLink][COUNT = 26681]
[2019-10-15 22:28:20][SUCC][Select_ItemPrice_URL][COUNT = 9][SITE = 疙牢内府酒]
[2019-10-15 22:28:24][Exception][Get_ItemPrice][ERR = name 'nEnd_' is not defined][URL = http://www.myoung119.com/shop/goods/./goods_view.php?goodsno=100291&category=001078]
[2019-10-15 22:28:46]2019-10-15 22:28:46------------------- start ------------------- 
[2019-10-15 22:28:46][SUCC][Select_ItemLink][COUNT = 26681]
[2019-10-15 22:28:46][SUCC][Select_ItemPrice_URL][COUNT = 9][SITE = 疙牢内府酒]
[2019-10-15 22:29:43]2019-10-15 22:29:43------------------- start ------------------- 
[2019-10-15 22:29:43][SUCC][Select_ItemLink][COUNT = 26681]
[2019-10-15 22:29:43][SUCC][Select_ItemPrice_URL][COUNT = 9][SITE = 疙牢内府酒]
[2019-10-15 22:33:05]2019-10-15 22:33:05------------------- start ------------------- 
[2019-10-15 22:33:06][SUCC][Select_ItemLink][COUNT = 26681]
[2019-10-15 22:33:06][SUCC][Select_ItemPrice_URL][COUNT = 9][SITE = 疙牢内府酒]
[2019-10-15 22:37:36]2019-10-15 22:37:36------------------- start ------------------- 
[2019-10-15 22:37:37][SUCC][Select_ItemLink][COUNT = 26681]
[2019-10-15 22:37:37][SUCC][Select_ItemPrice_URL][COUNT = 9][SITE = 疙牢内府酒]
[2019-10-15 22:39:00]2019-10-15 22:39:00------------------- start ------------------- 
[2019-10-15 22:39:01][SUCC][Select_ItemLink][COUNT = 26681]
[2019-10-15 22:39:01][SUCC][Select_ItemPrice_URL][COUNT = 9][SITE = 疙牢内府酒]
[2019-10-15 22:39:13][Find_Price][ITEM = 攀农目滚 MK-M5001-SUS304][SPEC = í200][PRICE = 斑利][URL = http://www.myoung119.com/shop/goods/./goods_view.php?goodsno=100291&category=001078]
[2019-10-15 22:39:13][Find_Price][ITEM = 攀农目滚 MK-M5001-SUS304][SPEC =  í300][PRICE = 斑利][URL = http://www.myoung119.com/shop/goods/./goods_view.php?goodsno=100291&category=001078]
[2019-10-15 22:39:13][Find_Price][ITEM = 攀农目滚 MK-M5001-SUS304][SPEC =  í350][PRICE = 斑利][URL = http://www.myoung119.com/shop/goods/./goods_view.php?goodsno=100291&category=001078]
[2019-10-15 22:39:14][Find_Price][ITEM = 攀农目滚 MK-M5001-SUS304][SPEC =  í400][PRICE = 斑利][URL = http://www.myoung119.com/shop/goods/./goods_view.php?goodsno=100291&category=001078]
[2019-10-15 22:39:14][Find_Price][ITEM = 攀农目滚 MK-M5001-SUS304][SPEC =  í430][PRICE = 斑利][URL = http://www.myoung119.com/shop/goods/./goods_view.php?goodsno=100291&category=001078]
[2019-10-15 22:39:14][Find_Price][ITEM = 攀农目滚 MK-M5001-SUS304][SPEC =  í450][PRICE = 斑利][URL = http://www.myoung119.com/shop/goods/./goods_view.php?goodsno=100291&category=001078]
[2019-10-15 22:39:14][Find_Price][ITEM = 攀农目滚 MK-M5001-SUS304][SPEC =  í500][PRICE = 斑利][URL = http://www.myoung119.com/shop/goods/./goods_view.php?goodsno=100291&category=001078]
[2019-10-15 22:39:14][Find_Price][ITEM = 攀农目滚 MK-M5001-SUS304][SPEC =  í600][PRICE = 斑利][URL = http://www.myoung119.com/shop/goods/./goods_view.php?goodsno=100291&category=001078]
[2019-10-15 22:39:32][Find_Price][ITEM = 攀农目滚 MK-M5002-SUS304][SPEC = í200][PRICE = 斑利][URL = http://www.myoung119.com/shop/goods/./goods_view.php?goodsno=100293&category=001078]
[2019-10-15 22:39:32][Find_Price][ITEM = 攀农目滚 MK-M5002-SUS304][SPEC =  í219][PRICE = 斑利][URL = http://www.myoung119.com/shop/goods/./goods_view.php?goodsno=100293&category=001078]
[2019-10-15 22:39:32][Find_Price][ITEM = 攀农目滚 MK-M5002-SUS304][SPEC =  í300][PRICE = 斑利][URL = http://www.myoung119.com/shop/goods/./goods_view.php?goodsno=100293&category=001078]
[2019-10-15 22:39:33][Find_Price][ITEM = 攀农目滚 MK-M5002-SUS304][SPEC =  í350][PRICE = 斑利][URL = http://www.myoung119.com/shop/goods/./goods_view.php?goodsno=100293&category=001078]
[2019-10-15 22:39:33][Find_Price][ITEM = 攀农目滚 MK-M5002-SUS304][SPEC =  í400][PRICE = 斑利][URL = http://www.myoung119.com/shop/goods/./goods_view.php?goodsno=100293&category=001078]
[2019-10-15 22:39:33][Find_Price][ITEM = 攀农目滚 MK-M5002-SUS304][SPEC =  í430][PRICE = 斑利][URL = http://www.myoung119.com/shop/goods/./goods_view.php?goodsno=100293&category=001078]
[2019-10-15 22:39:33][Find_Price][ITEM = 攀农目滚 MK-M5002-SUS304][SPEC =  í450][PRICE = 斑利][URL = http://www.myoung119.com/shop/goods/./goods_view.php?goodsno=100293&category=001078]
[2019-10-15 22:39:33][Find_Price][ITEM = 攀农目滚 MK-M5002-SUS304][SPEC =  í500][PRICE = 斑利][URL = http://www.myoung119.com/shop/goods/./goods_view.php?goodsno=100293&category=001078]
[2019-10-15 22:39:33][Find_Price][ITEM = 攀农目滚 MK-M5002-SUS304][SPEC =  í600][PRICE = 斑利][URL = http://www.myoung119.com/shop/goods/./goods_view.php?goodsno=100293&category=001078]
[2019-10-15 22:39:33][Find_Price][ITEM = 攀农目滚 MK-M5002-SUS304][SPEC =  420x300][PRICE = 斑利][URL = http://www.myoung119.com/shop/goods/./goods_view.php?goodsno=100293&category=001078]
[2019-10-15 22:39:34][Find_Price][ITEM = 攀农目滚 MK-M5003-SUS304][SPEC = í200][PRICE = 斑利][URL = http://www.myoung119.com/shop/goods/./goods_view.php?goodsno=100294&category=001078]
[2019-10-15 22:39:34][Find_Price][ITEM = 攀农目滚 MK-M5003-SUS304][SPEC =  í300][PRICE = 斑利][URL = http://www.myoung119.com/shop/goods/./goods_view.php?goodsno=100294&category=001078]
[2019-10-15 22:39:35][Find_Price][ITEM = 攀农目滚 MK-M5003-SUS304][SPEC =  í350][PRICE = 斑利][URL = http://www.myoung119.com/shop/goods/./goods_view.php?goodsno=100294&category=001078]
[2019-10-15 22:39:35][Find_Price][ITEM = 攀农目滚 MK-M5003-SUS304][SPEC =  í400][PRICE = 斑利][URL = http://www.myoung119.com/shop/goods/./goods_view.php?goodsno=100294&category=001078]
[2019-10-15 22:39:35][Find_Price][ITEM = 攀农目滚 MK-M5003-SUS304][SPEC =  í430][PRICE = 斑利][URL = http://www.myoung119.com/shop/goods/./goods_view.php?goodsno=100294&category=001078]
[2019-10-15 22:39:35][Find_Price][ITEM = 攀农目滚 MK-M5003-SUS304][SPEC =  í450][PRICE = 斑利][URL = http://www.myoung119.com/shop/goods/./goods_view.php?goodsno=100294&category=001078]
[2019-10-15 22:39:35][Find_Price][ITEM = 攀农目滚 MK-M5003-SUS304][SPEC =  í500][PRICE = 斑利][URL = http://www.myoung119.com/shop/goods/./goods_view.php?goodsno=100294&category=001078]
[2019-10-15 22:39:35][Find_Price][ITEM = 攀农目滚 MK-M5003-SUS304][SPEC =  í600][PRICE = 斑利][URL = http://www.myoung119.com/shop/goods/./goods_view.php?goodsno=100294&category=001078]
[2019-10-15 22:39:37][Find_Price][ITEM = 攀农目滚 MK-M5007-SUS304][SPEC = í350][PRICE = 斑利][URL = http://www.myoung119.com/shop/goods/./goods_view.php?goodsno=100295&category=001078]
[2019-10-15 22:39:37][Find_Price][ITEM = 攀农目滚 MK-M5007-SUS304][SPEC =  í400][PRICE = 斑利][URL = http://www.myoung119.com/shop/goods/./goods_view.php?goodsno=100295&category=001078]
[2019-10-15 22:39:37][Find_Price][ITEM = 攀农目滚 MK-M5007-SUS304][SPEC =  í450][PRICE = 斑利][URL = http://www.myoung119.com/shop/goods/./goods_view.php?goodsno=100295&category=001078]
[2019-10-15 22:39:37][Find_Price][ITEM = 攀农目滚 MK-M5007-SUS304][SPEC =  í500][PRICE = 斑利][URL = http://www.myoung119.com/shop/goods/./goods_view.php?goodsno=100295&category=001078]
[2019-10-15 22:39:37][Find_Price][ITEM = 攀农目滚 MK-M5007-SUS304][SPEC =  í600][PRICE = 斑利][URL = http://www.myoung119.com/shop/goods/./goods_view.php?goodsno=100295&category=001078]
[2019-10-15 22:39:38][Find_Price][ITEM = 攀农目滚 MK-M5004-SUS304][SPEC = 430x330][PRICE = 斑利][URL = http://www.myoung119.com/shop/goods/./goods_view.php?goodsno=100296&category=001078]
[2019-10-15 22:39:38][Find_Price][ITEM = 攀农目滚 MK-M5004-SUS304][SPEC =  450x350][PRICE = 斑利][URL = http://www.myoung119.com/shop/goods/./goods_view.php?goodsno=100296&category=001078]
[2019-10-15 22:39:38][Find_Price][ITEM = 攀农目滚 MK-M5004-SUS304][SPEC =  530x430][PRICE = 斑利][URL = http://www.myoung119.com/shop/goods/./goods_view.php?goodsno=100296&category=001078]
[2019-10-15 22:39:38][Find_Price][ITEM = 攀农目滚 MK-M5004-SUS304][SPEC =  635x525][PRICE = 斑利][URL = http://www.myoung119.com/shop/goods/./goods_view.php?goodsno=100296&category=001078]
[2019-10-15 22:39:40][Find_Price][ITEM = 攀农目滚 MK-M5005-SUS304][SPEC = 550x450][PRICE = 斑利][URL = http://www.myoung119.com/shop/goods/./goods_view.php?goodsno=100297&category=001078]
[2019-10-15 22:39:40][Find_Price][ITEM = 攀农目滚 MK-M5005-SUS304][SPEC =  550x450][PRICE = 斑利][URL = http://www.myoung119.com/shop/goods/./goods_view.php?goodsno=100297&category=001078]
[2019-10-15 22:39:40][Find_Price][ITEM = 攀农目滚 MK-M5005-SUS304][SPEC =  565x465][PRICE = 斑利][URL = http://www.myoung119.com/shop/goods/./goods_view.php?goodsno=100297&category=001078]
[2019-10-15 22:39:40][Find_Price][ITEM = 攀农目滚 MK-M5005-SUS304][SPEC =  580x480][PRICE = 斑利][URL = http://www.myoung119.com/shop/goods/./goods_view.php?goodsno=100297&category=001078]
[2019-10-15 22:39:40][Find_Price][ITEM = 攀农目滚 MK-M5005-SUS304][SPEC =  390x490][PRICE = 斑利][URL = http://www.myoung119.com/shop/goods/./goods_view.php?goodsno=100297&category=001078]
[2019-10-15 22:39:41][Find_Price][ITEM = 攀农目滚 MK-M5006-SUS304][SPEC = 435x335][PRICE = 斑利][URL = http://www.myoung119.com/shop/goods/./goods_view.php?goodsno=100298&category=001078]
[2019-10-15 22:39:41][Find_Price][ITEM = 攀农目滚 MK-M5006-SUS304][SPEC =  535x415][PRICE = 斑利][URL = http://www.myoung119.com/shop/goods/./goods_view.php?goodsno=100298&category=001078]
[2019-10-15 22:39:41][Find_Price][ITEM = 攀农目滚 MK-M5006-SUS304][SPEC =  535x435][PRICE = 斑利][URL = http://www.myoung119.com/shop/goods/./goods_view.php?goodsno=100298&category=001078]
[2019-10-15 22:39:43][Find_Price][ITEM = 攀农目滚 MK-M5008-SUS304][SPEC = 435x335][PRICE = 斑利][URL = http://www.myoung119.com/shop/goods/./goods_view.php?goodsno=100299&category=001078]
[2019-10-15 22:39:43][Find_Price][ITEM = 攀农目滚 MK-M5008-SUS304][SPEC =  535x415][PRICE = 斑利][URL = http://www.myoung119.com/shop/goods/./goods_view.php?goodsno=100299&category=001078]
[2019-10-15 22:39:43][Find_Price][ITEM = 攀农目滚 MK-M5008-SUS304][SPEC =  535x435][PRICE = 斑利][URL = http://www.myoung119.com/shop/goods/./goods_view.php?goodsno=100299&category=001078]
[2019-10-15 22:39:44][Find_Price][ITEM = 攀农目滚 MK-M5001-SUS316L][SPEC = í200][PRICE = 斑利][URL = http://www.myoung119.com/shop/goods/./goods_view.php?goodsno=100300&category=001078]
[2019-10-15 22:39:44][Find_Price][ITEM = 攀农目滚 MK-M5001-SUS316L][SPEC =  í300][PRICE = 斑利][URL = http://www.myoung119.com/shop/goods/./goods_view.php?goodsno=100300&category=001078]
[2019-10-15 22:39:45][Find_Price][ITEM = 攀农目滚 MK-M5001-SUS316L][SPEC =  í350][PRICE = 斑利][URL = http://www.myoung119.com/shop/goods/./goods_view.php?goodsno=100300&category=001078]
[2019-10-15 22:39:45][Find_Price][ITEM = 攀农目滚 MK-M5001-SUS316L][SPEC =  í400][PRICE = 斑利][URL = http://www.myoung119.com/shop/goods/./goods_view.php?goodsno=100300&category=001078]
[2019-10-15 22:39:45][Find_Price][ITEM = 攀农目滚 MK-M5001-SUS316L][SPEC =  í430][PRICE = 斑利][URL = http://www.myoung119.com/shop/goods/./goods_view.php?goodsno=100300&category=001078]
[2019-10-15 22:39:45][Find_Price][ITEM = 攀农目滚 MK-M5001-SUS316L][SPEC =  í450][PRICE = 斑利][URL = http://www.myoung119.com/shop/goods/./goods_view.php?goodsno=100300&category=001078]
[2019-10-15 22:39:45][Find_Price][ITEM = 攀农目滚 MK-M5001-SUS316L][SPEC =  í500][PRICE = 斑利][URL = http://www.myoung119.com/shop/goods/./goods_view.php?goodsno=100300&category=001078]
[2019-10-15 22:39:45][Find_Price][ITEM = 攀农目滚 MK-M5001-SUS316L][SPEC =  í600][PRICE = 斑利][URL = http://www.myoung119.com/shop/goods/./goods_view.php?goodsno=100300&category=001078]
[2019-10-15 22:39:45][FAIL] 累诀 角菩 [site = 疙牢内府酒]
[2019-10-15 22:39:45]2019-10-15 22:39:45------------------- end  -------------------
[2019-10-15 22:44:24]2019-10-15 22:44:24------------------- start ------------------- 
[2019-10-15 22:44:24][SUCC][Select_ItemLink][COUNT = 26681]
[2019-10-15 22:44:24][SUCC][Select_ItemPrice_URL][COUNT = 26726][SITE = 疙牢内府酒]
[2019-10-15 22:44:25][Find_Price][ITEM = 攀农目滚 MK-M5002-SUS316L][SPEC = í200][PRICE = 斑利][URL = http://www.myoung119.com/shop/goods/./goods_view.php?goodsno=100301&category=001078]
[2019-10-15 22:44:26][Find_Price][ITEM = 攀农目滚 MK-M5002-SUS316L][SPEC = í219][PRICE = 斑利][URL = http://www.myoung119.com/shop/goods/./goods_view.php?goodsno=100301&category=001078]
[2019-10-15 22:44:26][Find_Price][ITEM = 攀农目滚 MK-M5002-SUS316L][SPEC = í300][PRICE = 斑利][URL = http://www.myoung119.com/shop/goods/./goods_view.php?goodsno=100301&category=001078]
[2019-10-15 22:44:26][Find_Price][ITEM = 攀农目滚 MK-M5002-SUS316L][SPEC = í350][PRICE = 斑利][URL = http://www.myoung119.com/shop/goods/./goods_view.php?goodsno=100301&category=001078]
[2019-10-15 22:44:26][Find_Price][ITEM = 攀农目滚 MK-M5002-SUS316L][SPEC = í400][PRICE = 斑利][URL = http://www.myoung119.com/shop/goods/./goods_view.php?goodsno=100301&category=001078]
[2019-10-15 22:44:26][Find_Price][ITEM = 攀农目滚 MK-M5002-SUS316L][SPEC = í430][PRICE = 斑利][URL = http://www.myoung119.com/shop/goods/./goods_view.php?goodsno=100301&category=001078]
[2019-10-15 22:44:26][Find_Price][ITEM = 攀农目滚 MK-M5002-SUS316L][SPEC = í450][PRICE = 斑利][URL = http://www.myoung119.com/shop/goods/./goods_view.php?goodsno=100301&category=001078]
[2019-10-15 22:44:26][Find_Price][ITEM = 攀农目滚 MK-M5002-SUS316L][SPEC = í500][PRICE = 斑利][URL = http://www.myoung119.com/shop/goods/./goods_view.php?goodsno=100301&category=001078]
[2019-10-15 22:44:26][Find_Price][ITEM = 攀农目滚 MK-M5002-SUS316L][SPEC = í600][PRICE = 斑利][URL = http://www.myoung119.com/shop/goods/./goods_view.php?goodsno=100301&category=001078]
[2019-10-15 22:44:26][Find_Price][ITEM = 攀农目滚 MK-M5002-SUS316L][SPEC = 420x300][PRICE = 斑利][URL = http://www.myoung119.com/shop/goods/./goods_view.php?goodsno=100301&category=001078]
[2019-10-15 22:44:28][Find_Price][ITEM = 攀农目滚 MK-M5003-SUS316L][SPEC = í200][PRICE = 斑利][URL = http://www.myoung119.com/shop/goods/./goods_view.php?goodsno=100302&category=001078]
[2019-10-15 22:44:28][Find_Price][ITEM = 攀农目滚 MK-M5003-SUS316L][SPEC = í300][PRICE = 斑利][URL = http://www.myoung119.com/shop/goods/./goods_view.php?goodsno=100302&category=001078]
[2019-10-15 22:44:28][Find_Price][ITEM = 攀农目滚 MK-M5003-SUS316L][SPEC = í350][PRICE = 斑利][URL = http://www.myoung119.com/shop/goods/./goods_view.php?goodsno=100302&category=001078]
[2019-10-15 22:44:28][Find_Price][ITEM = 攀农目滚 MK-M5003-SUS316L][SPEC = í400][PRICE = 斑利][URL = http://www.myoung119.com/shop/goods/./goods_view.php?goodsno=100302&category=001078]
[2019-10-15 22:44:28][Find_Price][ITEM = 攀农目滚 MK-M5003-SUS316L][SPEC = í430][PRICE = 斑利][URL = http://www.myoung119.com/shop/goods/./goods_view.php?goodsno=100302&category=001078]
[2019-10-15 22:44:28][Find_Price][ITEM = 攀农目滚 MK-M5003-SUS316L][SPEC = í450][PRICE = 斑利][URL = http://www.myoung119.com/shop/goods/./goods_view.php?goodsno=100302&category=001078]
[2019-10-15 22:44:28][Find_Price][ITEM = 攀农目滚 MK-M5003-SUS316L][SPEC = í500][PRICE = 斑利][URL = http://www.myoung119.com/shop/goods/./goods_view.php?goodsno=100302&category=001078]
[2019-10-15 22:44:28][Find_Price][ITEM = 攀农目滚 MK-M5003-SUS316L][SPEC = í600][PRICE = 斑利][URL = http://www.myoung119.com/shop/goods/./goods_view.php?goodsno=100302&category=001078]
[2019-10-15 22:44:30][Find_Price][ITEM = 攀农目滚 MK-M5007-SUS316L][SPEC = í350][PRICE = 斑利][URL = http://www.myoung119.com/shop/goods/./goods_view.php?goodsno=100308&category=001078]
[2019-10-15 22:44:30][Find_Price][ITEM = 攀农目滚 MK-M5007-SUS316L][SPEC = í400][PRICE = 斑利][URL = http://www.myoung119.com/shop/goods/./goods_view.php?goodsno=100308&category=001078]
[2019-10-15 22:44:30][Find_Price][ITEM = 攀农目滚 MK-M5007-SUS316L][SPEC = í450][PRICE = 斑利][URL = http://www.myoung119.com/shop/goods/./goods_view.php?goodsno=100308&category=001078]
[2019-10-15 22:44:30][Find_Price][ITEM = 攀农目滚 MK-M5007-SUS316L][SPEC = í500][PRICE = 斑利][URL = http://www.myoung119.com/shop/goods/./goods_view.php?goodsno=100308&category=001078]
[2019-10-15 22:44:30][Find_Price][ITEM = 攀农目滚 MK-M5007-SUS316L][SPEC = í600][PRICE = 斑利][URL = http://www.myoung119.com/shop/goods/./goods_view.php?goodsno=100308&category=001078]
[2019-10-15 22:44:32][Find_Price][ITEM = 攀农目滚 MK-M5004-SUS316L][SPEC = 430x330][PRICE = 斑利][URL = http://www.myoung119.com/shop/goods/./goods_view.php?goodsno=100309&category=001078]
[2019-10-15 22:44:32][Find_Price][ITEM = 攀农目滚 MK-M5004-SUS316L][SPEC = 450x350][PRICE = 斑利][URL = http://www.myoung119.com/shop/goods/./goods_view.php?goodsno=100309&category=001078]
[2019-10-15 22:44:32][Find_Price][ITEM = 攀农目滚 MK-M5004-SUS316L][SPEC = 530x430][PRICE = 斑利][URL = http://www.myoung119.com/shop/goods/./goods_view.php?goodsno=100309&category=001078]
[2019-10-15 22:44:32][Find_Price][ITEM = 攀农目滚 MK-M5004-SUS316L][SPEC = 635x525][PRICE = 斑利][URL = http://www.myoung119.com/shop/goods/./goods_view.php?goodsno=100309&category=001078]
[2019-10-15 22:44:33][Find_Price][ITEM = 攀农目滚 MK-M5005-SUS316L][SPEC = 550x450][PRICE = 斑利][URL = http://www.myoung119.com/shop/goods/./goods_view.php?goodsno=100310&category=001078]
[2019-10-15 22:44:33][Find_Price][ITEM = 攀农目滚 MK-M5005-SUS316L][SPEC = 550x450][PRICE = 斑利][URL = http://www.myoung119.com/shop/goods/./goods_view.php?goodsno=100310&category=001078]
[2019-10-15 22:44:33][Find_Price][ITEM = 攀农目滚 MK-M5005-SUS316L][SPEC = 565x465][PRICE = 斑利][URL = http://www.myoung119.com/shop/goods/./goods_view.php?goodsno=100310&category=001078]
[2019-10-15 22:44:33][Find_Price][ITEM = 攀农目滚 MK-M5005-SUS316L][SPEC = 580x480][PRICE = 斑利][URL = http://www.myoung119.com/shop/goods/./goods_view.php?goodsno=100310&category=001078]
[2019-10-15 22:44:33][Find_Price][ITEM = 攀农目滚 MK-M5005-SUS316L][SPEC = 390x490][PRICE = 斑利][URL = http://www.myoung119.com/shop/goods/./goods_view.php?goodsno=100310&category=001078]
[2019-10-15 22:44:35][Find_Price][ITEM = 攀农目滚 MK-M5006-SUS316L][SPEC = 435x335][PRICE = 斑利][URL = http://www.myoung119.com/shop/goods/./goods_view.php?goodsno=100311&category=001078]
[2019-10-15 22:44:35][Find_Price][ITEM = 攀农目滚 MK-M5006-SUS316L][SPEC = 535x415][PRICE = 斑利][URL = http://www.myoung119.com/shop/goods/./goods_view.php?goodsno=100311&category=001078]
[2019-10-15 22:44:35][Find_Price][ITEM = 攀农目滚 MK-M5006-SUS316L][SPEC = 535x435][PRICE = 斑利][URL = http://www.myoung119.com/shop/goods/./goods_view.php?goodsno=100311&category=001078]
[2019-10-15 22:44:37][Find_Price][ITEM = 攀农目滚 MK-M5008-SUS316L][SPEC = 435x335][PRICE = 斑利][URL = http://www.myoung119.com/shop/goods/./goods_view.php?goodsno=100312&category=001078]
[2019-10-15 22:44:37][Find_Price][ITEM = 攀农目滚 MK-M5008-SUS316L][SPEC = 535x415][PRICE = 斑利][URL = http://www.myoung119.com/shop/goods/./goods_view.php?goodsno=100312&category=001078]
[2019-10-15 22:44:37][Find_Price][ITEM = 攀农目滚 MK-M5008-SUS316L][SPEC = 535x435][PRICE = 斑利][URL = http://www.myoung119.com/shop/goods/./goods_view.php?goodsno=100312&category=001078]
[2019-10-15 22:44:38][Find_Price][ITEM = 疥聪鸥府 郡焊侩立90档][SPEC = 疥聪.郡焊侩立(SUS304) 1S][PRICE = 2810][URL = http://www.myoung119.com/shop/goods/./goods_view.php?goodsno=2984&category=001078]
[2019-10-15 22:45:15][Exception][Get_ItemPrice][ERR = name 'spec' is not defined][URL = http://www.myoung119.com/shop/goods/./goods_view.php?goodsno=2984&category=001078]
