[2019-10-15 23:59:24]2019-10-15 23:59:24------------------- start ------------------- 
[2019-10-15 23:59:25][SUCC][Select_ItemLink][COUNT = 26681]
[2019-10-15 23:59:25][SUCC][Select_ItemPrice_URL][COUNT = 26756][SITE = 명인코리아]
[2019-10-15 23:59:27][Find_Price][ITEM = 쎄니타리 엘보용접90도][SPEC = 쎄니.엘보용접(SUS304) 1S][PRICE = 2810][URL = http://www.myoung119.com/shop/goods/./goods_view.php?goodsno=2984&category=001078]
[2019-10-15 23:59:27][Find_Price][ITEM = 쎄니타리 엘보용접90도][SPEC = 쎄니.엘보용접(SUS304) 1.5S ][PRICE = 3810][URL = http://www.myoung119.com/shop/goods/./goods_view.php?goodsno=2984&category=001078]
[2019-10-15 23:59:27][Find_Price][ITEM = 쎄니타리 엘보용접90도][SPEC = 쎄니.엘보용접(SUS304) 2S ][PRICE = 5420][URL = http://www.myoung119.com/shop/goods/./goods_view.php?goodsno=2984&category=001078]
[2019-10-15 23:59:27][Find_Price][ITEM = 쎄니타리 엘보용접90도][SPEC = 쎄니.엘보용접(SUS304) 2.5S ][PRICE = 9660][URL = http://www.myoung119.com/shop/goods/./goods_view.php?goodsno=2984&category=001078]
[2019-10-15 23:59:27][Find_Price][ITEM = 쎄니타리 엘보용접90도][SPEC = 쎄니.엘보용접(SUS304) 3S ][PRICE = 12900][URL = http://www.myoung119.com/shop/goods/./goods_view.php?goodsno=2984&category=001078]
[2019-10-15 23:59:27][Find_Price][ITEM = 쎄니타리 엘보용접90도][SPEC = 쎄니.엘보용접(SUS304) 4S ][PRICE = 22430][URL = http://www.myoung119.com/shop/goods/./goods_view.php?goodsno=2984&category=001078]
[2019-10-15 23:59:30][Find_Price][ITEM = 쎄니타리 엘보1페럴][SPEC = 쎄니.엘보1페럴(SUS304) 1S][PRICE = 6080][URL = http://www.myoung119.com/shop/goods/./goods_view.php?goodsno=2985&category=001078]
[2019-10-15 23:59:30][Find_Price][ITEM = 쎄니타리 엘보1페럴][SPEC = 쎄니.엘보1페럴(SUS304) 1.5S ][PRICE = 7350][URL = http://www.myoung119.com/shop/goods/./goods_view.php?goodsno=2985&category=001078]
[2019-10-15 23:59:30][Find_Price][ITEM = 쎄니타리 엘보1페럴][SPEC = 쎄니.엘보1페럴(SUS304) 2S ][PRICE = 9450][URL = http://www.myoung119.com/shop/goods/./goods_view.php?goodsno=2985&category=001078]
[2019-10-15 23:59:30][Find_Price][ITEM = 쎄니타리 엘보1페럴][SPEC = 쎄니.엘보1페럴(SUS304) 2.5S ][PRICE = 14560][URL = http://www.myoung119.com/shop/goods/./goods_view.php?goodsno=2985&category=001078]
[2019-10-15 23:59:30][Find_Price][ITEM = 쎄니타리 엘보1페럴][SPEC = 쎄니.엘보1페럴(SUS304) 3S ][PRICE = 20330][URL = http://www.myoung119.com/shop/goods/./goods_view.php?goodsno=2985&category=001078]
[2019-10-15 23:59:30][Find_Price][ITEM = 쎄니타리 엘보1페럴][SPEC = 쎄니.엘보1페럴(SUS304) 4S ][PRICE = 32400][URL = http://www.myoung119.com/shop/goods/./goods_view.php?goodsno=2985&category=001078]
[2019-10-15 23:59:32][Find_Price][ITEM = 쎄니타리 엘보2페럴][SPEC = 쎄니.엘보2페럴(SUS304) 1S][PRICE = 9050][URL = http://www.myoung119.com/shop/goods/./goods_view.php?goodsno=2986&category=001078]
[2019-10-15 23:59:32][Find_Price][ITEM = 쎄니타리 엘보2페럴][SPEC = 쎄니.엘보2페럴(SUS304) 1.5S ][PRICE = 10090][URL = http://www.myoung119.com/shop/goods/./goods_view.php?goodsno=2986&category=001078]
[2019-10-15 23:59:32][Find_Price][ITEM = 쎄니타리 엘보2페럴][SPEC = 쎄니.엘보2페럴(SUS304) 2S ][PRICE = 12860][URL = http://www.myoung119.com/shop/goods/./goods_view.php?goodsno=2986&category=001078]
[2019-10-15 23:59:32][Find_Price][ITEM = 쎄니타리 엘보2페럴][SPEC = 쎄니.엘보2페럴(SUS304) 2.5S ][PRICE = 20020][URL = http://www.myoung119.com/shop/goods/./goods_view.php?goodsno=2986&category=001078]
[2019-10-15 23:59:32][Find_Price][ITEM = 쎄니타리 엘보2페럴][SPEC = 쎄니.엘보2페럴(SUS304) 3S ][PRICE = 24680][URL = http://www.myoung119.com/shop/goods/./goods_view.php?goodsno=2986&category=001078]
[2019-10-15 23:59:32][Find_Price][ITEM = 쎄니타리 엘보2페럴][SPEC = 쎄니.엘보2페럴(SUS304) 4S ][PRICE = 39660][URL = http://www.myoung119.com/shop/goods/./goods_view.php?goodsno=2986&category=001078]
[2019-10-15 23:59:34][Find_Price][ITEM = 쎄니타리 45도엘보용접][SPEC = 쎄니.엘보45도용접(SUS304) 1S][PRICE = 2580][URL = http://www.myoung119.com/shop/goods/./goods_view.php?goodsno=2987&category=001078]
[2019-10-15 23:59:34][Find_Price][ITEM = 쎄니타리 45도엘보용접][SPEC = 쎄니.엘보45도용접(SUS304) 1.5S ][PRICE = 3380][URL = http://www.myoung119.com/shop/goods/./goods_view.php?goodsno=2987&category=001078]
[2019-10-15 23:59:34][Find_Price][ITEM = 쎄니타리 45도엘보용접][SPEC = 쎄니.엘보45도용접(SUS304) 2S ][PRICE = 4920][URL = http://www.myoung119.com/shop/goods/./goods_view.php?goodsno=2987&category=001078]
[2019-10-15 23:59:34][Find_Price][ITEM = 쎄니타리 45도엘보용접][SPEC = 쎄니.엘보45도용접(SUS304) 2.5S ][PRICE = 7450][URL = http://www.myoung119.com/shop/goods/./goods_view.php?goodsno=2987&category=001078]
[2019-10-15 23:59:34][Find_Price][ITEM = 쎄니타리 45도엘보용접][SPEC = 쎄니.엘보45도용접(SUS304) 3S ][PRICE = 10420][URL = http://www.myoung119.com/shop/goods/./goods_view.php?goodsno=2987&category=001078]
[2019-10-15 23:59:34][Find_Price][ITEM = 쎄니타리 45도엘보용접][SPEC = 쎄니.엘보45도용접(SUS304) 4S ][PRICE = 17360][URL = http://www.myoung119.com/shop/goods/./goods_view.php?goodsno=2987&category=001078]
[2019-10-15 23:59:36][Find_Price][ITEM = 쎄니타리 45엘보2페럴][SPEC = 쎄니.엘보45도2페럴(SUS304) 1S][PRICE = 8910][URL = http://www.myoung119.com/shop/goods/./goods_view.php?goodsno=2988&category=001078]
[2019-10-15 23:59:36][Find_Price][ITEM = 쎄니타리 45엘보2페럴][SPEC = 쎄니.엘보45도2페럴(SUS304) 1.5S ][PRICE = 9810][URL = http://www.myoung119.com/shop/goods/./goods_view.php?goodsno=2988&category=001078]
[2019-10-15 23:59:36][Find_Price][ITEM = 쎄니타리 45엘보2페럴][SPEC = 쎄니.엘보45도2페럴(SUS304) 2S ][PRICE = 12010][URL = http://www.myoung119.com/shop/goods/./goods_view.php?goodsno=2988&category=001078]
[2019-10-15 23:59:36][Find_Price][ITEM = 쎄니타리 45엘보2페럴][SPEC = 쎄니.엘보45도2페럴(SUS304) 2.5S ][PRICE = 20740][URL = http://www.myoung119.com/shop/goods/./goods_view.php?goodsno=2988&category=001078]
[2019-10-15 23:59:36][Find_Price][ITEM = 쎄니타리 45엘보2페럴][SPEC = 쎄니.엘보45도2페럴(SUS304) 3S ][PRICE = 24720][URL = http://www.myoung119.com/shop/goods/./goods_view.php?goodsno=2988&category=001078]
[2019-10-15 23:59:36][Find_Price][ITEM = 쎄니타리 45엘보2페럴][SPEC = 쎄니.엘보45도2페럴(SUS304) 4S ][PRICE = 53290][URL = http://www.myoung119.com/shop/goods/./goods_view.php?goodsno=2988&category=001078]
[2019-10-15 23:59:39][Find_Price][ITEM = 쎄니타리 티용접][SPEC = 쎄니.티용접(SUS304) 1S*1S][PRICE = 4470][URL = http://www.myoung119.com/shop/goods/./goods_view.php?goodsno=3021&category=001078]
[2019-10-15 23:59:39][Find_Price][ITEM = 쎄니타리 티용접][SPEC = 쎄니.티용접(SUS304) 1.5S*1S ][PRICE = 6090][URL = http://www.myoung119.com/shop/goods/./goods_view.php?goodsno=3021&category=001078]
[2019-10-15 23:59:39][Find_Price][ITEM = 쎄니타리 티용접][SPEC = 쎄니.티용접(SUS304) 1.5S*1.5S ][PRICE = 6090][URL = http://www.myoung119.com/shop/goods/./goods_view.php?goodsno=3021&category=001078]
[2019-10-15 23:59:39][Find_Price][ITEM = 쎄니타리 티용접][SPEC = 쎄니.티용접(SUS304) 2S*1S ][PRICE = 8200][URL = http://www.myoung119.com/shop/goods/./goods_view.php?goodsno=3021&category=001078]
[2019-10-15 23:59:39][Find_Price][ITEM = 쎄니타리 티용접][SPEC = 쎄니.티용접(SUS304) 2S*1.5S ][PRICE = 8200][URL = http://www.myoung119.com/shop/goods/./goods_view.php?goodsno=3021&category=001078]
[2019-10-15 23:59:39][Find_Price][ITEM = 쎄니타리 티용접][SPEC = 쎄니.티용접(SUS304) 2S*2S ][PRICE = 8200][URL = http://www.myoung119.com/shop/goods/./goods_view.php?goodsno=3021&category=001078]
[2019-10-15 23:59:39][Find_Price][ITEM = 쎄니타리 티용접][SPEC = 쎄니.티용접(SUS304) 2.5S*1S ][PRICE = 12900][URL = http://www.myoung119.com/shop/goods/./goods_view.php?goodsno=3021&category=001078]
[2019-10-15 23:59:39][Find_Price][ITEM = 쎄니타리 티용접][SPEC = 쎄니.티용접(SUS304) 2.5S*1.5S ][PRICE = 12900][URL = http://www.myoung119.com/shop/goods/./goods_view.php?goodsno=3021&category=001078]
[2019-10-15 23:59:39][Find_Price][ITEM = 쎄니타리 티용접][SPEC = 쎄니.티용접(SUS304) 2.5S*2S ][PRICE = 12900][URL = http://www.myoung119.com/shop/goods/./goods_view.php?goodsno=3021&category=001078]
[2019-10-15 23:59:39][Find_Price][ITEM = 쎄니타리 티용접][SPEC = 쎄니.티용접(SUS304) 2.5S*2.5S ][PRICE = 12900][URL = http://www.myoung119.com/shop/goods/./goods_view.php?goodsno=3021&category=001078]
[2019-10-15 23:59:39][Find_Price][ITEM = 쎄니타리 티용접][SPEC = 쎄니.티용접(SUS304) 3S*1S ][PRICE = 17860][URL = http://www.myoung119.com/shop/goods/./goods_view.php?goodsno=3021&category=001078]
[2019-10-15 23:59:39][Find_Price][ITEM = 쎄니타리 티용접][SPEC = 쎄니.티용접(SUS304) 3S*1.5S ][PRICE = 17860][URL = http://www.myoung119.com/shop/goods/./goods_view.php?goodsno=3021&category=001078]
[2019-10-15 23:59:39][Find_Price][ITEM = 쎄니타리 티용접][SPEC = 쎄니.티용접(SUS304) 3S*2S ][PRICE = 17860][URL = http://www.myoung119.com/shop/goods/./goods_view.php?goodsno=3021&category=001078]
[2019-10-15 23:59:39][Find_Price][ITEM = 쎄니타리 티용접][SPEC = 쎄니.티용접(SUS304) 3S*2.5S ][PRICE = 17860][URL = http://www.myoung119.com/shop/goods/./goods_view.php?goodsno=3021&category=001078]
[2019-10-15 23:59:39][Find_Price][ITEM = 쎄니타리 티용접][SPEC = 쎄니.티용접(SUS304) 3S*3S ][PRICE = 17860][URL = http://www.myoung119.com/shop/goods/./goods_view.php?goodsno=3021&category=001078]
[2019-10-15 23:59:39][Find_Price][ITEM = 쎄니타리 티용접][SPEC = 쎄니.티용접(SUS304) 4S*1S ][PRICE = 29330][URL = http://www.myoung119.com/shop/goods/./goods_view.php?goodsno=3021&category=001078]
[2019-10-15 23:59:39][Find_Price][ITEM = 쎄니타리 티용접][SPEC = 쎄니.티용접(SUS304) 4S*1.5S ][PRICE = 29330][URL = http://www.myoung119.com/shop/goods/./goods_view.php?goodsno=3021&category=001078]
[2019-10-15 23:59:39][Find_Price][ITEM = 쎄니타리 티용접][SPEC = 쎄니.티용접(SUS304) 4S*2S ][PRICE = 29330][URL = http://www.myoung119.com/shop/goods/./goods_view.php?goodsno=3021&category=001078]
[2019-10-15 23:59:39][Find_Price][ITEM = 쎄니타리 티용접][SPEC = 쎄니.티용접(SUS304) 4S*2.5S ][PRICE = 29330][URL = http://www.myoung119.com/shop/goods/./goods_view.php?goodsno=3021&category=001078]
[2019-10-15 23:59:39][Find_Price][ITEM = 쎄니타리 티용접][SPEC = 쎄니.티용접(SUS304) 4S*3S ][PRICE = 29330][URL = http://www.myoung119.com/shop/goods/./goods_view.php?goodsno=3021&category=001078]
[2019-10-15 23:59:39][Find_Price][ITEM = 쎄니타리 티용접][SPEC = 쎄니.티용접(SUS304) 4S*4S ][PRICE = 29330][URL = http://www.myoung119.com/shop/goods/./goods_view.php?goodsno=3021&category=001078]
[2019-10-15 23:59:42][Find_Price][ITEM = 쎄니타리 티3페럴][SPEC = 쎄니.티3페럴(SUS304) 1S*1S][PRICE = 13310][URL = http://www.myoung119.com/shop/goods/./goods_view.php?goodsno=3022&category=001078]
[2019-10-15 23:59:42][Find_Price][ITEM = 쎄니타리 티3페럴][SPEC = 쎄니.티3페럴(SUS304) 1.5S*1S ][PRICE = 16330][URL = http://www.myoung119.com/shop/goods/./goods_view.php?goodsno=3022&category=001078]
[2019-10-15 23:59:42][Find_Price][ITEM = 쎄니타리 티3페럴][SPEC = 쎄니.티3페럴(SUS304) 1.5S*1.5S ][PRICE = 16330][URL = http://www.myoung119.com/shop/goods/./goods_view.php?goodsno=3022&category=001078]
[2019-10-15 23:59:42][Find_Price][ITEM = 쎄니타리 티3페럴][SPEC = 쎄니.티3페럴(SUS304) 2S*1S ][PRICE = 18970][URL = http://www.myoung119.com/shop/goods/./goods_view.php?goodsno=3022&category=001078]
[2019-10-15 23:59:42][Find_Price][ITEM = 쎄니타리 티3페럴][SPEC = 쎄니.티3페럴(SUS304) 2S*1.5S ][PRICE = 18970][URL = http://www.myoung119.com/shop/goods/./goods_view.php?goodsno=3022&category=001078]
[2019-10-15 23:59:42][Find_Price][ITEM = 쎄니타리 티3페럴][SPEC = 쎄니.티3페럴(SUS304) 2S*2S ][PRICE = 18970][URL = http://www.myoung119.com/shop/goods/./goods_view.php?goodsno=3022&category=001078]
[2019-10-15 23:59:42][Find_Price][ITEM = 쎄니타리 티3페럴][SPEC = 쎄니.티3페럴(SUS304) 2.5S*1S ][PRICE = 26450][URL = http://www.myoung119.com/shop/goods/./goods_view.php?goodsno=3022&category=001078]
[2019-10-15 23:59:42][Find_Price][ITEM = 쎄니타리 티3페럴][SPEC = 쎄니.티3페럴(SUS304) 2.5S*1.5S ][PRICE = 26450][URL = http://www.myoung119.com/shop/goods/./goods_view.php?goodsno=3022&category=001078]
[2019-10-15 23:59:42][Find_Price][ITEM = 쎄니타리 티3페럴][SPEC = 쎄니.티3페럴(SUS304) 2.5S*2S ][PRICE = 26450][URL = http://www.myoung119.com/shop/goods/./goods_view.php?goodsno=3022&category=001078]
[2019-10-15 23:59:42][Find_Price][ITEM = 쎄니타리 티3페럴][SPEC = 쎄니.티3페럴(SUS304) 2.5S*2.5S ][PRICE = 26450][URL = http://www.myoung119.com/shop/goods/./goods_view.php?goodsno=3022&category=001078]
[2019-10-15 23:59:42][Find_Price][ITEM = 쎄니타리 티3페럴][SPEC = 쎄니.티3페럴(SUS304) 3S*1S ][PRICE = 38250][URL = http://www.myoung119.com/shop/goods/./goods_view.php?goodsno=3022&category=001078]
[2019-10-15 23:59:42][Find_Price][ITEM = 쎄니타리 티3페럴][SPEC = 쎄니.티3페럴(SUS304) 3S*1.5S ][PRICE = 38250][URL = http://www.myoung119.com/shop/goods/./goods_view.php?goodsno=3022&category=001078]
[2019-10-15 23:59:42][Find_Price][ITEM = 쎄니타리 티3페럴][SPEC = 쎄니.티3페럴(SUS304) 3S*2S ][PRICE = 38250][URL = http://www.myoung119.com/shop/goods/./goods_view.php?goodsno=3022&category=001078]
[2019-10-15 23:59:42][Find_Price][ITEM = 쎄니타리 티3페럴][SPEC = 쎄니.티3페럴(SUS304) 3S*2.5S ][PRICE = 38250][URL = http://www.myoung119.com/shop/goods/./goods_view.php?goodsno=3022&category=001078]
[2019-10-15 23:59:42][Find_Price][ITEM = 쎄니타리 티3페럴][SPEC = 쎄니.티3페럴(SUS304) 3S*3S ][PRICE = 38250][URL = http://www.myoung119.com/shop/goods/./goods_view.php?goodsno=3022&category=001078]
[2019-10-15 23:59:42][Find_Price][ITEM = 쎄니타리 티3페럴][SPEC = 쎄니.티3페럴(SUS304) 4S*1S ][PRICE = 59510][URL = http://www.myoung119.com/shop/goods/./goods_view.php?goodsno=3022&category=001078]
[2019-10-15 23:59:42][Find_Price][ITEM = 쎄니타리 티3페럴][SPEC = 쎄니.티3페럴(SUS304) 4S*1.5S ][PRICE = 59510][URL = http://www.myoung119.com/shop/goods/./goods_view.php?goodsno=3022&category=001078]
[2019-10-15 23:59:42][Find_Price][ITEM = 쎄니타리 티3페럴][SPEC = 쎄니.티3페럴(SUS304) 4S*2S ][PRICE = 59510][URL = http://www.myoung119.com/shop/goods/./goods_view.php?goodsno=3022&category=001078]
[2019-10-15 23:59:42][Find_Price][ITEM = 쎄니타리 티3페럴][SPEC = 쎄니.티3페럴(SUS304) 4S*2.5S ][PRICE = 59510][URL = http://www.myoung119.com/shop/goods/./goods_view.php?goodsno=3022&category=001078]
[2019-10-15 23:59:42][Find_Price][ITEM = 쎄니타리 티3페럴][SPEC = 쎄니.티3페럴(SUS304) 4S*3S ][PRICE = 59510][URL = http://www.myoung119.com/shop/goods/./goods_view.php?goodsno=3022&category=001078]
[2019-10-15 23:59:42][Find_Price][ITEM = 쎄니타리 티3페럴][SPEC = 쎄니.티3페럴(SUS304) 4S*4S ][PRICE = 59510][URL = http://www.myoung119.com/shop/goods/./goods_view.php?goodsno=3022&category=001078]
[2019-10-15 23:59:44][Find_Price][ITEM = 쎄니타리 크로스티용접][SPEC = 쎄니.크로스티용접(SUS304) 1S][PRICE = 7460][URL = http://www.myoung119.com/shop/goods/./goods_view.php?goodsno=2991&category=001078]
[2019-10-15 23:59:44][Find_Price][ITEM = 쎄니타리 크로스티용접][SPEC = 쎄니.크로스티용접(SUS304) 1.5S ][PRICE = 9350][URL = http://www.myoung119.com/shop/goods/./goods_view.php?goodsno=2991&category=001078]
[2019-10-15 23:59:44][Find_Price][ITEM = 쎄니타리 크로스티용접][SPEC = 쎄니.크로스티용접(SUS304) 2S ][PRICE = 12280][URL = http://www.myoung119.com/shop/goods/./goods_view.php?goodsno=2991&category=001078]
[2019-10-15 23:59:44][Find_Price][ITEM = 쎄니타리 크로스티용접][SPEC = 쎄니.크로스티용접(SUS304) 2.5S ][PRICE = 20770][URL = http://www.myoung119.com/shop/goods/./goods_view.php?goodsno=2991&category=001078]
[2019-10-15 23:59:44][Find_Price][ITEM = 쎄니타리 크로스티용접][SPEC = 쎄니.크로스티용접(SUS304) 3S ][PRICE = 27330][URL = http://www.myoung119.com/shop/goods/./goods_view.php?goodsno=2991&category=001078]
[2019-10-15 23:59:44][Find_Price][ITEM = 쎄니타리 크로스티용접][SPEC = 쎄니.크로스티용접(SUS304) 4S ][PRICE = 53060][URL = http://www.myoung119.com/shop/goods/./goods_view.php?goodsno=2991&category=001078]
[2019-10-15 23:59:45][Find_Price][ITEM = 쎄니타리 크로스티4페럴][SPEC = 쎄니.크로스티4페럴(SUS304) 1S][PRICE = 20410][URL = http://www.myoung119.com/shop/goods/./goods_view.php?goodsno=2992&category=001078]
[2019-10-15 23:59:45][Find_Price][ITEM = 쎄니타리 크로스티4페럴][SPEC = 쎄니.크로스티4페럴(SUS304) 1.5S ][PRICE = 22680][URL = http://www.myoung119.com/shop/goods/./goods_view.php?goodsno=2992&category=001078]
[2019-10-15 23:59:45][Find_Price][ITEM = 쎄니타리 크로스티4페럴][SPEC = 쎄니.크로스티4페럴(SUS304) 2S ][PRICE = 29780][URL = http://www.myoung119.com/shop/goods/./goods_view.php?goodsno=2992&category=001078]
[2019-10-15 23:59:45][Find_Price][ITEM = 쎄니타리 크로스티4페럴][SPEC = 쎄니.크로스티4페럴(SUS304) 2.5S ][PRICE = 46780][URL = http://www.myoung119.com/shop/goods/./goods_view.php?goodsno=2992&category=001078]
[2019-10-15 23:59:45][Find_Price][ITEM = 쎄니타리 크로스티4페럴][SPEC = 쎄니.크로스티4페럴(SUS304) 3S ][PRICE = 69450][URL = http://www.myoung119.com/shop/goods/./goods_view.php?goodsno=2992&category=001078]
[2019-10-15 23:59:45][Find_Price][ITEM = 쎄니타리 크로스티4페럴][SPEC = 쎄니.크로스티4페럴(SUS304) 4S ][PRICE = 126160][URL = http://www.myoung119.com/shop/goods/./goods_view.php?goodsno=2992&category=001078]
[2019-10-15 23:59:46][Find_Price][ITEM = 쎄니.호스커플링용접][SPEC = (SUS304) 1S][PRICE = 4610][URL = http://www.myoung119.com/shop/goods/./goods_view.php?goodsno=2993&category=001078]
[2019-10-15 23:59:46][Find_Price][ITEM = 쎄니.호스커플링용접][SPEC = (SUS304) 1.5S ][PRICE = 5660][URL = http://www.myoung119.com/shop/goods/./goods_view.php?goodsno=2993&category=001078]
[2019-10-15 23:59:46][Find_Price][ITEM = 쎄니.호스커플링용접][SPEC = (SUS304) 2S ][PRICE = 8010][URL = http://www.myoung119.com/shop/goods/./goods_view.php?goodsno=2993&category=001078]
[2019-10-15 23:59:46][Find_Price][ITEM = 쎄니.호스커플링용접][SPEC = (SUS304) 2.5S ][PRICE = 9620][URL = http://www.myoung119.com/shop/goods/./goods_view.php?goodsno=2993&category=001078]
[2019-10-15 23:59:46][Find_Price][ITEM = 쎄니.호스커플링용접][SPEC = (SUS304) 3S ][PRICE = 13420][URL = http://www.myoung119.com/shop/goods/./goods_view.php?goodsno=2993&category=001078]
[2019-10-15 23:59:46][Find_Price][ITEM = 쎄니.호스커플링용접][SPEC = (SUS304) 4S ][PRICE = 16130][URL = http://www.myoung119.com/shop/goods/./goods_view.php?goodsno=2993&category=001078]
[2019-10-15 23:59:47][Find_Price][ITEM = 쎄니.호스커플링1페럴][SPEC = (SUS304) 1S*80L][PRICE = 7340][URL = http://www.myoung119.com/shop/goods/./goods_view.php?goodsno=2998&category=001078]
[2019-10-15 23:59:47][Find_Price][ITEM = 쎄니.호스커플링1페럴][SPEC = (SUS304) 1.5S*100L][PRICE = 7340][URL = http://www.myoung119.com/shop/goods/./goods_view.php?goodsno=2998&category=001078]
[2019-10-15 23:59:47][Find_Price][ITEM = 쎄니.호스커플링1페럴][SPEC = (SUS304) 2S*100L ][PRICE = 10150][URL = http://www.myoung119.com/shop/goods/./goods_view.php?goodsno=2998&category=001078]
[2019-10-15 23:59:47][Find_Price][ITEM = 쎄니.호스커플링1페럴][SPEC = (SUS304) 2.5S*100L ][PRICE = 13250][URL = http://www.myoung119.com/shop/goods/./goods_view.php?goodsno=2998&category=001078]
[2019-10-15 23:59:47][Find_Price][ITEM = 쎄니.호스커플링1페럴][SPEC = (SUS304) 3S*100L ][PRICE = 16900][URL = http://www.myoung119.com/shop/goods/./goods_view.php?goodsno=2998&category=001078]
[2019-10-15 23:59:47][Find_Price][ITEM = 쎄니.호스커플링1페럴][SPEC = (SUS304) 4S*120L ][PRICE = 26140][URL = http://www.myoung119.com/shop/goods/./goods_view.php?goodsno=2998&category=001078]
[2019-10-15 23:59:48][Find_Price][ITEM = 쎄니타리 레듀샤용접][SPEC = 쎄니.레듀샤용접(SUS304) 1.5S*1S][PRICE = 3520][URL = http://www.myoung119.com/shop/goods/./goods_view.php?goodsno=3023&category=001078]
[2019-10-15 23:59:48][Find_Price][ITEM = 쎄니타리 레듀샤용접][SPEC = 쎄니.레듀샤용접(SUS304) 2S*1S ][PRICE = 5600][URL = http://www.myoung119.com/shop/goods/./goods_view.php?goodsno=3023&category=001078]
[2019-10-15 23:59:48][Find_Price][ITEM = 쎄니타리 레듀샤용접][SPEC = 쎄니.레듀샤용접(SUS304) 2S*1.5S ][PRICE = 5600][URL = http://www.myoung119.com/shop/goods/./goods_view.php?goodsno=3023&category=001078]
[2019-10-15 23:59:49][Find_Price][ITEM = 쎄니타리 레듀샤용접][SPEC = 쎄니.레듀샤용접(SUS304) 2.5S*1S ][PRICE = 8740][URL = http://www.myoung119.com/shop/goods/./goods_view.php?goodsno=3023&category=001078]
[2019-10-15 23:59:49][Find_Price][ITEM = 쎄니타리 레듀샤용접][SPEC = 쎄니.레듀샤용접(SUS304) 2.5S*1.5S ][PRICE = 8740][URL = http://www.myoung119.com/shop/goods/./goods_view.php?goodsno=3023&category=001078]
[2019-10-15 23:59:49][Find_Price][ITEM = 쎄니타리 레듀샤용접][SPEC = 쎄니.레듀샤용접(SUS304) 2.5S*2S ][PRICE = 8740][URL = http://www.myoung119.com/shop/goods/./goods_view.php?goodsno=3023&category=001078]
[2019-10-15 23:59:49][Find_Price][ITEM = 쎄니타리 레듀샤용접][SPEC = 쎄니.레듀샤용접(SUS304) 3S*1S ][PRICE = 11880][URL = http://www.myoung119.com/shop/goods/./goods_view.php?goodsno=3023&category=001078]
[2019-10-15 23:59:49][Find_Price][ITEM = 쎄니타리 레듀샤용접][SPEC = 쎄니.레듀샤용접(SUS304) 3S*1.5S ][PRICE = 11880][URL = http://www.myoung119.com/shop/goods/./goods_view.php?goodsno=3023&category=001078]
[2019-10-15 23:59:49][Find_Price][ITEM = 쎄니타리 레듀샤용접][SPEC = 쎄니.레듀샤용접(SUS304) 3S*2S ][PRICE = 11880][URL = http://www.myoung119.com/shop/goods/./goods_view.php?goodsno=3023&category=001078]
[2019-10-15 23:59:49][Find_Price][ITEM = 쎄니타리 레듀샤용접][SPEC = 쎄니.레듀샤용접(SUS304) 3S*2.5S ][PRICE = 11880][URL = http://www.myoung119.com/shop/goods/./goods_view.php?goodsno=3023&category=001078]
[2019-10-15 23:59:49][Find_Price][ITEM = 쎄니타리 레듀샤용접][SPEC = 쎄니.레듀샤용접(SUS304) 4S*1S ][PRICE = 19000][URL = http://www.myoung119.com/shop/goods/./goods_view.php?goodsno=3023&category=001078]
[2019-10-15 23:59:49][Find_Price][ITEM = 쎄니타리 레듀샤용접][SPEC = 쎄니.레듀샤용접(SUS304) 4S*1.5S ][PRICE = 19000][URL = http://www.myoung119.com/shop/goods/./goods_view.php?goodsno=3023&category=001078]
[2019-10-15 23:59:49][Find_Price][ITEM = 쎄니타리 레듀샤용접][SPEC = 쎄니.레듀샤용접(SUS304) 4S*2S ][PRICE = 19000][URL = http://www.myoung119.com/shop/goods/./goods_view.php?goodsno=3023&category=001078]
[2019-10-15 23:59:49][Find_Price][ITEM = 쎄니타리 레듀샤용접][SPEC = 쎄니.레듀샤용접(SUS304) 4S*2.5S ][PRICE = 19000][URL = http://www.myoung119.com/shop/goods/./goods_view.php?goodsno=3023&category=001078]
[2019-10-15 23:59:49][Find_Price][ITEM = 쎄니타리 레듀샤용접][SPEC = 쎄니.레듀샤용접(SUS304) 4S*3S ][PRICE = 19000][URL = http://www.myoung119.com/shop/goods/./goods_view.php?goodsno=3023&category=001078]
[2019-10-15 23:59:50][Find_Price][ITEM = 쎄니타리 편심레듀샤용접][SPEC = 쎄니.편심레듀샤용접(SUS304) 1.5S*1S][PRICE = 5600][URL = http://www.myoung119.com/shop/goods/./goods_view.php?goodsno=3025&category=001078]
[2019-10-15 23:59:50][Find_Price][ITEM = 쎄니타리 편심레듀샤용접][SPEC = 쎄니.편심레듀샤용접(SUS304) 2S*1S ][PRICE = 8390][URL = http://www.myoung119.com/shop/goods/./goods_view.php?goodsno=3025&category=001078]
[2019-10-15 23:59:50][Find_Price][ITEM = 쎄니타리 편심레듀샤용접][SPEC = 쎄니.편심레듀샤용접(SUS304) 2S*1.5S ][PRICE = 8390][URL = http://www.myoung119.com/shop/goods/./goods_view.php?goodsno=3025&category=001078]
[2019-10-15 23:59:50][Find_Price][ITEM = 쎄니타리 편심레듀샤용접][SPEC = 쎄니.편심레듀샤용접(SUS304) 2.5S*1S ][PRICE = 11990][URL = http://www.myoung119.com/shop/goods/./goods_view.php?goodsno=3025&category=001078]
[2019-10-15 23:59:50][Find_Price][ITEM = 쎄니타리 편심레듀샤용접][SPEC = 쎄니.편심레듀샤용접(SUS304) 2.5S*1.5S ][PRICE = 11990][URL = http://www.myoung119.com/shop/goods/./goods_view.php?goodsno=3025&category=001078]
[2019-10-15 23:59:50][Find_Price][ITEM = 쎄니타리 편심레듀샤용접][SPEC = 쎄니.편심레듀샤용접(SUS304) 2.5S*2S ][PRICE = 11990][URL = http://www.myoung119.com/shop/goods/./goods_view.php?goodsno=3025&category=001078]
[2019-10-15 23:59:50][Find_Price][ITEM = 쎄니타리 편심레듀샤용접][SPEC = 쎄니.편심레듀샤용접(SUS304) 3S*1S ][PRICE = 15900][URL = http://www.myoung119.com/shop/goods/./goods_view.php?goodsno=3025&category=001078]
[2019-10-15 23:59:50][Find_Price][ITEM = 쎄니타리 편심레듀샤용접][SPEC = 쎄니.편심레듀샤용접(SUS304) 3S*1.5S ][PRICE = 15900][URL = http://www.myoung119.com/shop/goods/./goods_view.php?goodsno=3025&category=001078]
[2019-10-15 23:59:50][Find_Price][ITEM = 쎄니타리 편심레듀샤용접][SPEC = 쎄니.편심레듀샤용접(SUS304) 3S*2S ][PRICE = 15900][URL = http://www.myoung119.com/shop/goods/./goods_view.php?goodsno=3025&category=001078]
[2019-10-15 23:59:50][Find_Price][ITEM = 쎄니타리 편심레듀샤용접][SPEC = 쎄니.편심레듀샤용접(SUS304) 3S*2.5S ][PRICE = 15900][URL = http://www.myoung119.com/shop/goods/./goods_view.php?goodsno=3025&category=001078]
[2019-10-15 23:59:50][Find_Price][ITEM = 쎄니타리 편심레듀샤용접][SPEC = 쎄니.편심레듀샤용접(SUS304) 4S*1S ][PRICE = 28320][URL = http://www.myoung119.com/shop/goods/./goods_view.php?goodsno=3025&category=001078]
[2019-10-15 23:59:50][Find_Price][ITEM = 쎄니타리 편심레듀샤용접][SPEC = 쎄니.편심레듀샤용접(SUS304) 4S*1.5S ][PRICE = 28320][URL = http://www.myoung119.com/shop/goods/./goods_view.php?goodsno=3025&category=001078]
[2019-10-15 23:59:50][Find_Price][ITEM = 쎄니타리 편심레듀샤용접][SPEC = 쎄니.편심레듀샤용접(SUS304) 4S*2S ][PRICE = 28320][URL = http://www.myoung119.com/shop/goods/./goods_view.php?goodsno=3025&category=001078]
[2019-10-15 23:59:50][Find_Price][ITEM = 쎄니타리 편심레듀샤용접][SPEC = 쎄니.편심레듀샤용접(SUS304) 4S*2.5S ][PRICE = 28320][URL = http://www.myoung119.com/shop/goods/./goods_view.php?goodsno=3025&category=001078]
[2019-10-15 23:59:50][Find_Price][ITEM = 쎄니타리 편심레듀샤용접][SPEC = 쎄니.편심레듀샤용접(SUS304) 4S*3S ][PRICE = 28320][URL = http://www.myoung119.com/shop/goods/./goods_view.php?goodsno=3025&category=001078]
[2019-10-15 23:59:51][Find_Price][ITEM = 쎄니타리 레듀샤2페럴][SPEC = 쎄니.레듀샤2페럴(SUS304)  1.5S*1S][PRICE = 9090][URL = http://www.myoung119.com/shop/goods/./goods_view.php?goodsno=3024&category=001078]
[2019-10-15 23:59:51][Find_Price][ITEM = 쎄니타리 레듀샤2페럴][SPEC = 쎄니.레듀샤2페럴(SUS304)  2S*1S ][PRICE = 13330][URL = http://www.myoung119.com/shop/goods/./goods_view.php?goodsno=3024&category=001078]
[2019-10-15 23:59:51][Find_Price][ITEM = 쎄니타리 레듀샤2페럴][SPEC = 쎄니.레듀샤2페럴(SUS304)  2S*1.5S ][PRICE = 13330][URL = http://www.myoung119.com/shop/goods/./goods_view.php?goodsno=3024&category=001078]
[2019-10-15 23:59:51][Find_Price][ITEM = 쎄니타리 레듀샤2페럴][SPEC = 쎄니.레듀샤2페럴(SUS304)  2.5S*1S ][PRICE = 18430][URL = http://www.myoung119.com/shop/goods/./goods_view.php?goodsno=3024&category=001078]
[2019-10-15 23:59:51][Find_Price][ITEM = 쎄니타리 레듀샤2페럴][SPEC = 쎄니.레듀샤2페럴(SUS304)  2.5S*1.5S ][PRICE = 18430][URL = http://www.myoung119.com/shop/goods/./goods_view.php?goodsno=3024&category=001078]
[2019-10-15 23:59:51][Find_Price][ITEM = 쎄니타리 레듀샤2페럴][SPEC = 쎄니.레듀샤2페럴(SUS304)  2.5S*2S ][PRICE = 18430][URL = http://www.myoung119.com/shop/goods/./goods_view.php?goodsno=3024&category=001078]
[2019-10-15 23:59:51][Find_Price][ITEM = 쎄니타리 레듀샤2페럴][SPEC = 쎄니.레듀샤2페럴(SUS304)  3S*1S ][PRICE = 22750][URL = http://www.myoung119.com/shop/goods/./goods_view.php?goodsno=3024&category=001078]
[2019-10-15 23:59:51][Find_Price][ITEM = 쎄니타리 레듀샤2페럴][SPEC = 쎄니.레듀샤2페럴(SUS304)  3S*1.5S ][PRICE = 22750][URL = http://www.myoung119.com/shop/goods/./goods_view.php?goodsno=3024&category=001078]
[2019-10-15 23:59:51][Find_Price][ITEM = 쎄니타리 레듀샤2페럴][SPEC = 쎄니.레듀샤2페럴(SUS304)  3S*2S ][PRICE = 22750][URL = http://www.myoung119.com/shop/goods/./goods_view.php?goodsno=3024&category=001078]
[2019-10-15 23:59:51][Find_Price][ITEM = 쎄니타리 레듀샤2페럴][SPEC = 쎄니.레듀샤2페럴(SUS304)  3S*2.5S ][PRICE = 22750][URL = http://www.myoung119.com/shop/goods/./goods_view.php?goodsno=3024&category=001078]
[2019-10-15 23:59:51][Find_Price][ITEM = 쎄니타리 레듀샤2페럴][SPEC = 쎄니.레듀샤2페럴(SUS304)  4S*1S ][PRICE = 30860][URL = http://www.myoung119.com/shop/goods/./goods_view.php?goodsno=3024&category=001078]
[2019-10-15 23:59:51][Find_Price][ITEM = 쎄니타리 레듀샤2페럴][SPEC = 쎄니.레듀샤2페럴(SUS304)  4S*1.5S ][PRICE = 30860][URL = http://www.myoung119.com/shop/goods/./goods_view.php?goodsno=3024&category=001078]
[2019-10-15 23:59:51][Find_Price][ITEM = 쎄니타리 레듀샤2페럴][SPEC = 쎄니.레듀샤2페럴(SUS304)  4S*2S ][PRICE = 30860][URL = http://www.myoung119.com/shop/goods/./goods_view.php?goodsno=3024&category=001078]
[2019-10-15 23:59:51][Find_Price][ITEM = 쎄니타리 레듀샤2페럴][SPEC = 쎄니.레듀샤2페럴(SUS304)  4S*2.5S ][PRICE = 30860][URL = http://www.myoung119.com/shop/goods/./goods_view.php?goodsno=3024&category=001078]
[2019-10-15 23:59:51][Find_Price][ITEM = 쎄니타리 레듀샤2페럴][SPEC = 쎄니.레듀샤2페럴(SUS304)  4S*3S ][PRICE = 30860][URL = http://www.myoung119.com/shop/goods/./goods_view.php?goodsno=3024&category=001078]
[2019-10-15 23:59:52][Find_Price][ITEM = 쎄니타리 편심레듀샤2페럴][SPEC = 쎄니.편심레듀샤2페럴(SUS304)  1.5S*1S][PRICE = 16330][URL = http://www.myoung119.com/shop/goods/./goods_view.php?goodsno=3026&category=001078]
[2019-10-15 23:59:52][Find_Price][ITEM = 쎄니타리 편심레듀샤2페럴][SPEC = 쎄니.편심레듀샤2페럴(SUS304)  2S*1S ][PRICE = 19410][URL = http://www.myoung119.com/shop/goods/./goods_view.php?goodsno=3026&category=001078]
[2019-10-15 23:59:52][Find_Price][ITEM = 쎄니타리 편심레듀샤2페럴][SPEC = 쎄니.편심레듀샤2페럴(SUS304)  2S*1.5S ][PRICE = 19410][URL = http://www.myoung119.com/shop/goods/./goods_view.php?goodsno=3026&category=001078]
[2019-10-15 23:59:52][Find_Price][ITEM = 쎄니타리 편심레듀샤2페럴][SPEC = 쎄니.편심레듀샤2페럴(SUS304)  2.5S*1S ][PRICE = 27720][URL = http://www.myoung119.com/shop/goods/./goods_view.php?goodsno=3026&category=001078]
[2019-10-15 23:59:52][Find_Price][ITEM = 쎄니타리 편심레듀샤2페럴][SPEC = 쎄니.편심레듀샤2페럴(SUS304)  2.5S*1.5S ][PRICE = 27720][URL = http://www.myoung119.com/shop/goods/./goods_view.php?goodsno=3026&category=001078]
[2019-10-15 23:59:52][Find_Price][ITEM = 쎄니타리 편심레듀샤2페럴][SPEC = 쎄니.편심레듀샤2페럴(SUS304)  2.5S*2S ][PRICE = 27720][URL = http://www.myoung119.com/shop/goods/./goods_view.php?goodsno=3026&category=001078]
[2019-10-15 23:59:52][Find_Price][ITEM = 쎄니타리 편심레듀샤2페럴][SPEC = 쎄니.편심레듀샤2페럴(SUS304)  3S*1S ][PRICE = 40040][URL = http://www.myoung119.com/shop/goods/./goods_view.php?goodsno=3026&category=001078]
[2019-10-15 23:59:52][Find_Price][ITEM = 쎄니타리 편심레듀샤2페럴][SPEC = 쎄니.편심레듀샤2페럴(SUS304)  3S*1.5S ][PRICE = 40040][URL = http://www.myoung119.com/shop/goods/./goods_view.php?goodsno=3026&category=001078]
[2019-10-15 23:59:52][Find_Price][ITEM = 쎄니타리 편심레듀샤2페럴][SPEC = 쎄니.편심레듀샤2페럴(SUS304)  3S*2S ][PRICE = 40040][URL = http://www.myoung119.com/shop/goods/./goods_view.php?goodsno=3026&category=001078]
[2019-10-15 23:59:52][Find_Price][ITEM = 쎄니타리 편심레듀샤2페럴][SPEC = 쎄니.편심레듀샤2페럴(SUS304)  3S*2.5S ][PRICE = 40040][URL = http://www.myoung119.com/shop/goods/./goods_view.php?goodsno=3026&category=001078]
[2019-10-15 23:59:52][Find_Price][ITEM = 쎄니타리 편심레듀샤2페럴][SPEC = 쎄니.편심레듀샤2페럴(SUS304)  4S*1S ][PRICE = 67760][URL = http://www.myoung119.com/shop/goods/./goods_view.php?goodsno=3026&category=001078]
[2019-10-15 23:59:52][Find_Price][ITEM = 쎄니타리 편심레듀샤2페럴][SPEC = 쎄니.편심레듀샤2페럴(SUS304)  4S*1.5S ][PRICE = 67760][URL = http://www.myoung119.com/shop/goods/./goods_view.php?goodsno=3026&category=001078]
[2019-10-15 23:59:52][Find_Price][ITEM = 쎄니타리 편심레듀샤2페럴][SPEC = 쎄니.편심레듀샤2페럴(SUS304)  4S*2S ][PRICE = 67760][URL = http://www.myoung119.com/shop/goods/./goods_view.php?goodsno=3026&category=001078]
[2019-10-15 23:59:52][Find_Price][ITEM = 쎄니타리 편심레듀샤2페럴][SPEC = 쎄니.편심레듀샤2페럴(SUS304)  4S*2.5S ][PRICE = 67760][URL = http://www.myoung119.com/shop/goods/./goods_view.php?goodsno=3026&category=001078]
[2019-10-15 23:59:52][Find_Price][ITEM = 쎄니타리 편심레듀샤2페럴][SPEC = 쎄니.편심레듀샤2페럴(SUS304)  4S*3S ][PRICE = 67760][URL = http://www.myoung119.com/shop/goods/./goods_view.php?goodsno=3026&category=001078]
[2019-10-15 23:59:53][Find_Price][ITEM = 쎄니타리 다이아후렘밸브][SPEC = 쎄니.다이아후렘밸브(MK)(SUS316L) 0.5S][PRICE = 200380][URL = http://www.myoung119.com/shop/goods/./goods_view.php?goodsno=97780&category=001078]
[2019-10-15 23:59:53][Find_Price][ITEM = 쎄니타리 다이아후렘밸브][SPEC = 쎄니.다이아후렘밸브(MK)(SUS316L) 0.75S][PRICE = 200380][URL = http://www.myoung119.com/shop/goods/./goods_view.php?goodsno=97780&category=001078]
[2019-10-15 23:59:53][Find_Price][ITEM = 쎄니타리 다이아후렘밸브][SPEC = 쎄니.다이아후렘밸브(MK)(SUS316L) 1S ][PRICE = 181190][URL = http://www.myoung119.com/shop/goods/./goods_view.php?goodsno=97780&category=001078]
[2019-10-15 23:59:53][Find_Price][ITEM = 쎄니타리 다이아후렘밸브][SPEC = 쎄니.다이아후렘밸브(MK)(SUS316L)1.5S ][PRICE = 235220][URL = http://www.myoung119.com/shop/goods/./goods_view.php?goodsno=97780&category=001078]
[2019-10-15 23:59:53][Find_Price][ITEM = 쎄니타리 다이아후렘밸브][SPEC = 쎄니.다이아후렘밸브(MK)(SUS316L)2S ][PRICE = 275850][URL = http://www.myoung119.com/shop/goods/./goods_view.php?goodsno=97780&category=001078]
[2019-10-15 23:59:54][Find_Price][ITEM = 쎄니타리 삼방볼밸브][SPEC = 쎄니.삼방밸브(304)-수/자동겸용1S(T타입)][PRICE = 124730][URL = http://www.myoung119.com/shop/goods/./goods_view.php?goodsno=97781&category=001078]
[2019-10-15 23:59:54][Find_Price][ITEM = 쎄니타리 삼방볼밸브][SPEC = 쎄니.삼방밸브(304)-수/자동겸용1.5S(T타입) ][PRICE = 217280][URL = http://www.myoung119.com/shop/goods/./goods_view.php?goodsno=97781&category=001078]
[2019-10-15 23:59:54][Find_Price][ITEM = 쎄니타리 삼방볼밸브][SPEC = 쎄니.삼방밸브(304)-수/자동겸용2S(T타입) ][PRICE = 328640][URL = http://www.myoung119.com/shop/goods/./goods_view.php?goodsno=97781&category=001078]
[2019-10-15 23:59:55][Find_Price][ITEM = 쎄니타리 삼방볼밸브][SPEC = 쎄니.삼방밸브(304)-수/자동겸용1S(L타입)][PRICE = 124730][URL = http://www.myoung119.com/shop/goods/./goods_view.php?goodsno=99979&category=001078]
[2019-10-15 23:59:55][Find_Price][ITEM = 쎄니타리 삼방볼밸브][SPEC = 쎄니.삼방밸브(304)-수/자동겸용1.5S(L타입) ][PRICE = 217280][URL = http://www.myoung119.com/shop/goods/./goods_view.php?goodsno=99979&category=001078]
[2019-10-15 23:59:55][Find_Price][ITEM = 쎄니타리 삼방볼밸브][SPEC = 쎄니.삼방밸브(304)-수/자동겸용2S(L타입) ][PRICE = 328640][URL = http://www.myoung119.com/shop/goods/./goods_view.php?goodsno=99979&category=001078]
[2019-10-15 23:59:56][Find_Price][ITEM = 쎄니타리 버터플라이2페럴][SPEC = 1S][PRICE = 70170][URL = http://www.myoung119.com/shop/goods/./goods_view.php?goodsno=100324&category=001078]
[2019-10-15 23:59:56][Find_Price][ITEM = 쎄니타리 버터플라이2페럴][SPEC = 1.5S ][PRICE = 74360][URL = http://www.myoung119.com/shop/goods/./goods_view.php?goodsno=100324&category=001078]
[2019-10-15 23:59:56][Find_Price][ITEM = 쎄니타리 버터플라이2페럴][SPEC = 2S ][PRICE = 88240][URL = http://www.myoung119.com/shop/goods/./goods_view.php?goodsno=100324&category=001078]
[2019-10-15 23:59:56][Find_Price][ITEM = 쎄니타리 버터플라이2페럴][SPEC = 2.5S ][PRICE = 103680][URL = http://www.myoung119.com/shop/goods/./goods_view.php?goodsno=100324&category=001078]
[2019-10-15 23:59:56][Find_Price][ITEM = 쎄니타리 버터플라이2페럴][SPEC = 3S ][PRICE = 125670][URL = http://www.myoung119.com/shop/goods/./goods_view.php?goodsno=100324&category=001078]
[2019-10-15 23:59:56][Find_Price][ITEM = 쎄니타리 버터플라이2페럴][SPEC = 4S ][PRICE = 175160][URL = http://www.myoung119.com/shop/goods/./goods_view.php?goodsno=100324&category=001078]
[2019-10-15 23:59:57][Find_Price][ITEM = 쎄니타리 버터플라이2페럴-핸들][SPEC = 쎄니.버터2페럴(SUS304)-핸들(플라스틱)1S][PRICE = 70170][URL = http://www.myoung119.com/shop/goods/./goods_view.php?goodsno=3001&category=001078]
[2019-10-15 23:59:57][Find_Price][ITEM = 쎄니타리 버터플라이2페럴-핸들][SPEC = 쎄니.버터2페럴(SUS304)-핸들(플라스틱)1.5S ][PRICE = 74360][URL = http://www.myoung119.com/shop/goods/./goods_view.php?goodsno=3001&category=001078]
[2019-10-15 23:59:57][Find_Price][ITEM = 쎄니타리 버터플라이2페럴-핸들][SPEC = 쎄니.버터2페럴(SUS304)-핸들(플라스틱)2S ][PRICE = 88240][URL = http://www.myoung119.com/shop/goods/./goods_view.php?goodsno=3001&category=001078]
[2019-10-15 23:59:57][Find_Price][ITEM = 쎄니타리 버터플라이2페럴-핸들][SPEC = 쎄니.버터2페럴(SUS304)-핸들(플라스틱)2.5S ][PRICE = 103680][URL = http://www.myoung119.com/shop/goods/./goods_view.php?goodsno=3001&category=001078]
[2019-10-15 23:59:57][Find_Price][ITEM = 쎄니타리 버터플라이2페럴-핸들][SPEC = 쎄니.버터2페럴(SUS304)-핸들(플라스틱)3S ][PRICE = 125670][URL = http://www.myoung119.com/shop/goods/./goods_view.php?goodsno=3001&category=001078]
[2019-10-15 23:59:57][Find_Price][ITEM = 쎄니타리 버터플라이2페럴-핸들][SPEC = 쎄니.버터2페럴(SUS304)-핸들(플라스틱)4S ][PRICE = 175160][URL = http://www.myoung119.com/shop/goods/./goods_view.php?goodsno=3001&category=001078]
